2026/01/01 04:26:30 PM [ERROR]: [Nado] PlaceOrder Failed: Unexpected response from server: 520 . Data: <!DOCTYPE html>
<!--[if lt IE 7]> <html class="no-js ie6 oldie" lang="en-US"> <![endif]-->
<!--[if IE 7]>    <html class="no-js ie7 oldie" lang="en-US"> <![endif]-->
<!--[if IE 8]>    <html class="no-js ie8 oldie" lang="en-US"> <![endif]-->
<!--[if gt IE 8]><!--> <html class="no-js" lang="en-US"> <!--<![endif]-->
<head>


<title>gateway.prod.nado.xyz | 520: Web server is returning an unknown error</title>
<meta charset="UTF-8" />
<meta http-equiv="Content-Type" content="text/html; charset=UTF-8" />
<meta http-equiv="X-UA-Compatible" content="IE=Edge" />
<meta name="robots" content="noindex, nofollow" />
<meta name="viewport" content="width=device-width,initial-scale=1" />
<link rel="stylesheet" id="cf_styles-css" href="/cdn-cgi/styles/main.css" />


</head>
<body>
<div id="cf-wrapper">
    <div id="cf-error-details" class="p-0">
        <header class="mx-auto pt-10 lg:pt-6 lg:px-8 w-240 lg:w-full mb-8">
            <h1 class="inline-block sm:block sm:mb-2 font-light text-60 lg:text-4xl text-black-dark leading-tight mr-2">
              <span class="inline-block">Web server is returning an unknown error</span>
              <span class="code-label">Error code 520</span>
            </h1>
            <div>
               Visit <a href="https://www.cloudflare.com/5xx-error-landing?utm_source=errorcode_520&utm_campaign=gateway.prod.nado.xyz" target="_blank" rel="noopener noreferrer">cloudflare.com</a> for more information.
            </div>
            <div class="mt-3">2026-01-01 16:26:30 UTC</div>
        </header>
        <div class="my-8 bg-gradient-gray">
            <div class="w-240 lg:w-full mx-auto">
                <div class="clearfix md:px-8">
                  
<div id="cf-browser-status" class=" relative w-1/3 md:w-full py-15 md:p-0 md:py-8 md:text-left md:border-solid md:border-0 md:border-b md:border-gray-400 overflow-hidden float-left md:float-none text-center">
  <div class="relative mb-10 md:m-0">
    
    <span class="cf-icon-browser block md:hidden h-20 bg-center bg-no-repeat"></span>
    <span class="cf-icon-ok w-12 h-12 absolute left-1/2 md:left-auto md:right-0 md:top-0 -ml-6 -bottom-4"></span>
    
  </div>
  <span class="md:block w-full truncate">You</span>
  <h3 class="md:inline-block mt-3 md:mt-0 text-2xl text-gray-600 font-light leading-1.3">
    
    Browser
    
  </h3>
  <span class="leading-1.3 text-2xl text-green-success">Working</span>
</div>

<div id="cf-cloudflare-status" class=" relative w-1/3 md:w-full py-15 md:p-0 md:py-8 md:text-left md:border-solid md:border-0 md:border-b md:border-gray-400 overflow-hidden float-left md:float-none text-center">
  <div class="relative mb-10 md:m-0">
    <a href="https://www.cloudflare.com/5xx-error-landing?utm_source=errorcode_520&utm_campaign=gateway.prod.nado.xyz" target="_blank" rel="noopener noreferrer">
    <span class="cf-icon-cloud block md:hidden h-20 bg-center bg-no-repeat"></span>
    <span class="cf-icon-ok w-12 h-12 absolute left-1/2 md:left-auto md:right-0 md:top-0 -ml-6 -bottom-4"></span>
    </a>
  </div>
  <span class="md:block w-full truncate">Seoul</span>
  <h3 class="md:inline-block mt-3 md:mt-0 text-2xl text-gray-600 font-light leading-1.3">
    <a href="https://www.cloudflare.com/5xx-error-landing?utm_source=errorcode_520&utm_campaign=gateway.prod.nado.xyz" target="_blank" rel="noopener noreferrer">
    Cloudflare
    </a>
  </h3>
  <span class="leading-1.3 text-2xl text-green-success">Working</span>
</div>

<div id="cf-host-status" class="cf-error-source relative w-1/3 md:w-full py-15 md:p-0 md:py-8 md:text-left md:border-solid md:border-0 md:border-b md:border-gray-400 overflow-hidden float-left md:float-none text-center">
  <div class="relative mb-10 md:m-0">
    
    <span class="cf-icon-server block md:hidden h-20 bg-center bg-no-repeat"></span>
    <span class="cf-icon-error w-12 h-12 absolute left-1/2 md:left-auto md:right-0 md:top-0 -ml-6 -bottom-4"></span>
    
  </div>
  <span class="md:block w-full truncate">gateway.prod.nado.xyz</span>
  <h3 class="md:inline-block mt-3 md:mt-0 text-2xl text-gray-600 font-light leading-1.3">
    
    Host
    
  </h3>
  <span class="leading-1.3 text-2xl text-red-error">Error</span>
</div>

                </div>
            </div>
        </div>

        <div class="w-240 lg:w-full mx-auto mb-8 lg:px-8">
            <div class="clearfix">
                <div class="w-1/2 md:w-full float-left pr-6 md:pb-10 md:pr-0 leading-relaxed">
                    <h2 class="text-3xl font-normal leading-1.3 mb-4">What happened?</h2>
                    <p>There is an unknown connection issue between Cloudflare and the origin web server. As a result, the web page can not be displayed.</p>
                </div>
                <div class="w-1/2 md:w-full float-left leading-relaxed">
                    <h2 class="text-3xl font-normal leading-1.3 mb-4">What can I do?</h2>
                          <h3 class="text-15 font-semibold mb-2">If you are a visitor of this website:</h3>
      <p class="mb-6">Please try again in a few minutes.</p>

      <h3 class="text-15 font-semibold mb-2">If you are the owner of this website:</h3>
      <p><span>There is an issue between Cloudflare's cache and your origin web server. Cloudflare monitors for these errors and automatically investigates the cause. To help support the investigation, you can pull the corresponding error log from your web server and submit it our support team.  Please include the Ray ID (which is at the bottom of this error page).</span> <a rel="noopener noreferrer" href="https://developers.cloudflare.com/support/troubleshooting/http-status-codes/cloudflare-5xx-errors/error-520/">Additional troubleshooting resources</a>.</p>
                </div>
            </div>
        </div>

        <div class="cf-error-footer cf-wrapper w-240 lg:w-full py-10 sm:py-4 sm:px-8 mx-auto text-center sm:text-left border-solid border-0 border-t border-gray-300">
  <p class="text-13">
    <span class="cf-footer-item sm:block sm:mb-1">Cloudflare Ray ID: <strong class="font-semibold">9b7360cd1fa7e9f8</strong></span>
    <span class="cf-footer-separator sm:hidden">&bull;</span>
    <span id="cf-footer-item-ip" class="cf-footer-item hidden sm:block sm:mb-1">
      Your IP:
      <button type="button" id="cf-footer-ip-reveal" class="cf-footer-ip-reveal-btn">Click to reveal</button>
      <span class="hidden" id="cf-footer-ip">2401:c080:1c00:255d:5400:4ff:feb2:70e8</span>
      <span class="cf-footer-separator sm:hidden">&bull;</span>
    </span>
    <span class="cf-footer-item sm:block sm:mb-1"><span>Performance &amp; security by</span> <a rel="noopener noreferrer" href="https://www.cloudflare.com/5xx-error-landing?utm_source=errorcode_520&utm_campaign=gateway.prod.nado.xyz" id="brand_link" target="_blank">Cloudflare</a></span>
    
  </p>
  <script>(function(){function d(){var b=a.getElementById("cf-footer-item-ip"),c=a.getElementById("cf-footer-ip-reveal");b&&"classList"in b&&(b.classList.remove("hidden"),c.addEventListener("click",function(){c.classList.add("hidden");a.getElementById("cf-footer-ip").classList.remove("hidden")}))}var a=document;document.addEventListener&&a.addEventListener("DOMContentLoaded",d)})();</script>
</div><!-- /.error-footer -->


    </div>
</div>
</body>
</html>

2026/01/01 04:26:37 PM [ERROR]: [Nado] GetBalance Failed: Unexpected response from server: 522 . Data: <!DOCTYPE html>
<!--[if lt IE 7]> <html class="no-js ie6 oldie" lang="en-US"> <![endif]-->
<!--[if IE 7]>    <html class="no-js ie7 oldie" lang="en-US"> <![endif]-->
<!--[if IE 8]>    <html class="no-js ie8 oldie" lang="en-US"> <![endif]-->
<!--[if gt IE 8]><!--> <html class="no-js" lang="en-US"> <!--<![endif]-->
<head>


<title>gateway.prod.nado.xyz | 522: Connection timed out</title>
<meta charset="UTF-8" />
<meta http-equiv="Content-Type" content="text/html; charset=UTF-8" />
<meta http-equiv="X-UA-Compatible" content="IE=Edge" />
<meta name="robots" content="noindex, nofollow" />
<meta name="viewport" content="width=device-width,initial-scale=1" />
<link rel="stylesheet" id="cf_styles-css" href="/cdn-cgi/styles/main.css" />


</head>
<body>
<div id="cf-wrapper">
    <div id="cf-error-details" class="p-0">
        <header class="mx-auto pt-10 lg:pt-6 lg:px-8 w-240 lg:w-full mb-8">
            <h1 class="inline-block sm:block sm:mb-2 font-light text-60 lg:text-4xl text-black-dark leading-tight mr-2">
              <span class="inline-block">Connection timed out</span>
              <span class="code-label">Error code 522</span>
            </h1>
            <div>
               Visit <a href="https://www.cloudflare.com/5xx-error-landing?utm_source=errorcode_522&utm_campaign=gateway.prod.nado.xyz" target="_blank" rel="noopener noreferrer">cloudflare.com</a> for more information.
            </div>
            <div class="mt-3">2026-01-01 16:26:37 UTC</div>
        </header>
        <div class="my-8 bg-gradient-gray">
            <div class="w-240 lg:w-full mx-auto">
                <div class="clearfix md:px-8">
                  
<div id="cf-browser-status" class=" relative w-1/3 md:w-full py-15 md:p-0 md:py-8 md:text-left md:border-solid md:border-0 md:border-b md:border-gray-400 overflow-hidden float-left md:float-none text-center">
  <div class="relative mb-10 md:m-0">
    
    <span class="cf-icon-browser block md:hidden h-20 bg-center bg-no-repeat"></span>
    <span class="cf-icon-ok w-12 h-12 absolute left-1/2 md:left-auto md:right-0 md:top-0 -ml-6 -bottom-4"></span>
    
  </div>
  <span class="md:block w-full truncate">You</span>
  <h3 class="md:inline-block mt-3 md:mt-0 text-2xl text-gray-600 font-light leading-1.3">
    
    Browser
    
  </h3>
  <span class="leading-1.3 text-2xl text-green-success">Working</span>
</div>

<div id="cf-cloudflare-status" class=" relative w-1/3 md:w-full py-15 md:p-0 md:py-8 md:text-left md:border-solid md:border-0 md:border-b md:border-gray-400 overflow-hidden float-left md:float-none text-center">
  <div class="relative mb-10 md:m-0">
    <a href="https://www.cloudflare.com/5xx-error-landing?utm_source=errorcode_522&utm_campaign=gateway.prod.nado.xyz" target="_blank" rel="noopener noreferrer">
    <span class="cf-icon-cloud block md:hidden h-20 bg-center bg-no-repeat"></span>
    <span class="cf-icon-ok w-12 h-12 absolute left-1/2 md:left-auto md:right-0 md:top-0 -ml-6 -bottom-4"></span>
    </a>
  </div>
  <span class="md:block w-full truncate">Seoul</span>
  <h3 class="md:inline-block mt-3 md:mt-0 text-2xl text-gray-600 font-light leading-1.3">
    <a href="https://www.cloudflare.com/5xx-error-landing?utm_source=errorcode_522&utm_campaign=gateway.prod.nado.xyz" target="_blank" rel="noopener noreferrer">
    Cloudflare
    </a>
  </h3>
  <span class="leading-1.3 text-2xl text-green-success">Working</span>
</div>

<div id="cf-host-status" class="cf-error-source relative w-1/3 md:w-full py-15 md:p-0 md:py-8 md:text-left md:border-solid md:border-0 md:border-b md:border-gray-400 overflow-hidden float-left md:float-none text-center">
  <div class="relative mb-10 md:m-0">
    
    <span class="cf-icon-server block md:hidden h-20 bg-center bg-no-repeat"></span>
    <span class="cf-icon-error w-12 h-12 absolute left-1/2 md:left-auto md:right-0 md:top-0 -ml-6 -bottom-4"></span>
    
  </div>
  <span class="md:block w-full truncate">gateway.prod.nado.xyz</span>
  <h3 class="md:inline-block mt-3 md:mt-0 text-2xl text-gray-600 font-light leading-1.3">
    
    Host
    
  </h3>
  <span class="leading-1.3 text-2xl text-red-error">Error</span>
</div>

                </div>
            </div>
        </div>

        <div class="w-240 lg:w-full mx-auto mb-8 lg:px-8">
            <div class="clearfix">
                <div class="w-1/2 md:w-full float-left pr-6 md:pb-10 md:pr-0 leading-relaxed">
                    <h2 class="text-3xl font-normal leading-1.3 mb-4">What happened?</h2>
                    <p>The initial connection between Cloudflare's network and the origin web server timed out. As a result, the web page can not be displayed.</p>
                </div>
                <div class="w-1/2 md:w-full float-left leading-relaxed">
                    <h2 class="text-3xl font-normal leading-1.3 mb-4">What can I do?</h2>
                          <h3 class="text-15 font-semibold mb-2">If you're a visitor of this website:</h3>
      <p class="mb-6">Please try again in a few minutes.</p>

      <h3 class="text-15 font-semibold mb-2">If you're the owner of this website:</h3>
      <p>Please refer to the <a rel="noopener noreferrer" href="https://developers.cloudflare.com/support/troubleshooting/http-status-codes/cloudflare-5xx-errors/error-522/">Error 522</a> article:</p>
      <ul class="ml-4">
        <li>Contact your hosting provider; let them know your web server is not completing requests.</li>
        <li>Make sure your origin allows <a rel="noopener noreferrer" href="https://www.cloudflare.com/ips/">all Cloudflare IP ranges</a>.</li>
      </ul>
                </div>
            </div>
        </div>

        <div class="cf-error-footer cf-wrapper w-240 lg:w-full py-10 sm:py-4 sm:px-8 mx-auto text-center sm:text-left border-solid border-0 border-t border-gray-300">
  <p class="text-13">
    <span class="cf-footer-item sm:block sm:mb-1">Cloudflare Ray ID: <strong class="font-semibold">9b73602a0c223270</strong></span>
    <span class="cf-footer-separator sm:hidden">&bull;</span>
    <span id="cf-footer-item-ip" class="cf-footer-item hidden sm:block sm:mb-1">
      Your IP:
      <button type="button" id="cf-footer-ip-reveal" class="cf-footer-ip-reveal-btn">Click to reveal</button>
      <span class="hidden" id="cf-footer-ip">2401:c080:1c00:255d:5400:4ff:feb2:70e8</span>
      <span class="cf-footer-separator sm:hidden">&bull;</span>
    </span>
    <span class="cf-footer-item sm:block sm:mb-1"><span>Performance &amp; security by</span> <a rel="noopener noreferrer" href="https://www.cloudflare.com/5xx-error-landing?utm_source=errorcode_522&utm_campaign=gateway.prod.nado.xyz" id="brand_link" target="_blank">Cloudflare</a></span>
    
  </p>
  <script>(function(){function d(){var b=a.getElementById("cf-footer-item-ip"),c=a.getElementById("cf-footer-ip-reveal");b&&"classList"in b&&(b.classList.remove("hidden"),c.addEventListener("click",function(){c.classList.add("hidden");a.getElementById("cf-footer-ip").classList.remove("hidden")}))}var a=document;document.addEventListener&&a.addEventListener("DOMContentLoaded",d)})();</script>
</div><!-- /.error-footer -->


    </div>
</div>
</body>
</html>

2026/01/01 04:26:37 PM [ERROR]: Unhandled Rejection: Error: Unexpected response from server: 522 . Data: <!DOCTYPE html>
<!--[if lt IE 7]> <html class="no-js ie6 oldie" lang="en-US"> <![endif]-->
<!--[if IE 7]>    <html class="no-js ie7 oldie" lang="en-US"> <![endif]-->
<!--[if IE 8]>    <html class="no-js ie8 oldie" lang="en-US"> <![endif]-->
<!--[if gt IE 8]><!--> <html class="no-js" lang="en-US"> <!--<![endif]-->
<head>


<title>gateway.prod.nado.xyz | 522: Connection timed out</title>
<meta charset="UTF-8" />
<meta http-equiv="Content-Type" content="text/html; charset=UTF-8" />
<meta http-equiv="X-UA-Compatible" content="IE=Edge" />
<meta name="robots" content="noindex, nofollow" />
<meta name="viewport" content="width=device-width,initial-scale=1" />
<link rel="stylesheet" id="cf_styles-css" href="/cdn-cgi/styles/main.css" />


</head>
<body>
<div id="cf-wrapper">
    <div id="cf-error-details" class="p-0">
        <header class="mx-auto pt-10 lg:pt-6 lg:px-8 w-240 lg:w-full mb-8">
            <h1 class="inline-block sm:block sm:mb-2 font-light text-60 lg:text-4xl text-black-dark leading-tight mr-2">
              <span class="inline-block">Connection timed out</span>
              <span class="code-label">Error code 522</span>
            </h1>
            <div>
               Visit <a href="https://www.cloudflare.com/5xx-error-landing?utm_source=errorcode_522&utm_campaign=gateway.prod.nado.xyz" target="_blank" rel="noopener noreferrer">cloudflare.com</a> for more information.
            </div>
            <div class="mt-3">2026-01-01 16:26:37 UTC</div>
        </header>
        <div class="my-8 bg-gradient-gray">
            <div class="w-240 lg:w-full mx-auto">
                <div class="clearfix md:px-8">
                  
<div id="cf-browser-status" class=" relative w-1/3 md:w-full py-15 md:p-0 md:py-8 md:text-left md:border-solid md:border-0 md:border-b md:border-gray-400 overflow-hidden float-left md:float-none text-center">
  <div class="relative mb-10 md:m-0">
    
    <span class="cf-icon-browser block md:hidden h-20 bg-center bg-no-repeat"></span>
    <span class="cf-icon-ok w-12 h-12 absolute left-1/2 md:left-auto md:right-0 md:top-0 -ml-6 -bottom-4"></span>
    
  </div>
  <span class="md:block w-full truncate">You</span>
  <h3 class="md:inline-block mt-3 md:mt-0 text-2xl text-gray-600 font-light leading-1.3">
    
    Browser
    
  </h3>
  <span class="leading-1.3 text-2xl text-green-success">Working</span>
</div>

<div id="cf-cloudflare-status" class=" relative w-1/3 md:w-full py-15 md:p-0 md:py-8 md:text-left md:border-solid md:border-0 md:border-b md:border-gray-400 overflow-hidden float-left md:float-none text-center">
  <div class="relative mb-10 md:m-0">
    <a href="https://www.cloudflare.com/5xx-error-landing?utm_source=errorcode_522&utm_campaign=gateway.prod.nado.xyz" target="_blank" rel="noopener noreferrer">
    <span class="cf-icon-cloud block md:hidden h-20 bg-center bg-no-repeat"></span>
    <span class="cf-icon-ok w-12 h-12 absolute left-1/2 md:left-auto md:right-0 md:top-0 -ml-6 -bottom-4"></span>
    </a>
  </div>
  <span class="md:block w-full truncate">Seoul</span>
  <h3 class="md:inline-block mt-3 md:mt-0 text-2xl text-gray-600 font-light leading-1.3">
    <a href="https://www.cloudflare.com/5xx-error-landing?utm_source=errorcode_522&utm_campaign=gateway.prod.nado.xyz" target="_blank" rel="noopener noreferrer">
    Cloudflare
    </a>
  </h3>
  <span class="leading-1.3 text-2xl text-green-success">Working</span>
</div>

<div id="cf-host-status" class="cf-error-source relative w-1/3 md:w-full py-15 md:p-0 md:py-8 md:text-left md:border-solid md:border-0 md:border-b md:border-gray-400 overflow-hidden float-left md:float-none text-center">
  <div class="relative mb-10 md:m-0">
    
    <span class="cf-icon-server block md:hidden h-20 bg-center bg-no-repeat"></span>
    <span class="cf-icon-error w-12 h-12 absolute left-1/2 md:left-auto md:right-0 md:top-0 -ml-6 -bottom-4"></span>
    
  </div>
  <span class="md:block w-full truncate">gateway.prod.nado.xyz</span>
  <h3 class="md:inline-block mt-3 md:mt-0 text-2xl text-gray-600 font-light leading-1.3">
    
    Host
    
  </h3>
  <span class="leading-1.3 text-2xl text-red-error">Error</span>
</div>

                </div>
            </div>
        </div>

        <div class="w-240 lg:w-full mx-auto mb-8 lg:px-8">
            <div class="clearfix">
                <div class="w-1/2 md:w-full float-left pr-6 md:pb-10 md:pr-0 leading-relaxed">
                    <h2 class="text-3xl font-normal leading-1.3 mb-4">What happened?</h2>
                    <p>The initial connection between Cloudflare's network and the origin web server timed out. As a result, the web page can not be displayed.</p>
                </div>
                <div class="w-1/2 md:w-full float-left leading-relaxed">
                    <h2 class="text-3xl font-normal leading-1.3 mb-4">What can I do?</h2>
                          <h3 class="text-15 font-semibold mb-2">If you're a visitor of this website:</h3>
      <p class="mb-6">Please try again in a few minutes.</p>

      <h3 class="text-15 font-semibold mb-2">If you're the owner of this website:</h3>
      <p>Please refer to the <a rel="noopener noreferrer" href="https://developers.cloudflare.com/support/troubleshooting/http-status-codes/cloudflare-5xx-errors/error-522/">Error 522</a> article:</p>
      <ul class="ml-4">
        <li>Contact your hosting provider; let them know your web server is not completing requests.</li>
        <li>Make sure your origin allows <a rel="noopener noreferrer" href="https://www.cloudflare.com/ips/">all Cloudflare IP ranges</a>.</li>
      </ul>
                </div>
            </div>
        </div>

        <div class="cf-error-footer cf-wrapper w-240 lg:w-full py-10 sm:py-4 sm:px-8 mx-auto text-center sm:text-left border-solid border-0 border-t border-gray-300">
  <p class="text-13">
    <span class="cf-footer-item sm:block sm:mb-1">Cloudflare Ray ID: <strong class="font-semibold">9b73602a0c223270</strong></span>
    <span class="cf-footer-separator sm:hidden">&bull;</span>
    <span id="cf-footer-item-ip" class="cf-footer-item hidden sm:block sm:mb-1">
      Your IP:
      <button type="button" id="cf-footer-ip-reveal" class="cf-footer-ip-reveal-btn">Click to reveal</button>
      <span class="hidden" id="cf-footer-ip">2401:c080:1c00:255d:5400:4ff:feb2:70e8</span>
      <span class="cf-footer-separator sm:hidden">&bull;</span>
    </span>
    <span class="cf-footer-item sm:block sm:mb-1"><span>Performance &amp; security by</span> <a rel="noopener noreferrer" href="https://www.cloudflare.com/5xx-error-landing?utm_source=errorcode_522&utm_campaign=gateway.prod.nado.xyz" id="brand_link" target="_blank">Cloudflare</a></span>
    
  </p>
  <script>(function(){function d(){var b=a.getElementById("cf-footer-item-ip"),c=a.getElementById("cf-footer-ip-reveal");b&&"classList"in b&&(b.classList.remove("hidden"),c.addEventListener("click",function(){c.classList.add("hidden");a.getElementById("cf-footer-ip").classList.remove("hidden")}))}var a=document;document.addEventListener&&a.addEventListener("DOMContentLoaded",d)})();</script>
</div><!-- /.error-footer -->


    </div>
</div>
</body>
</html>

2026/01/01 04:26:42 PM [ERROR]: [Nado] PlaceOrder Failed: Unexpected response from server: 520 . Data: <!DOCTYPE html>
<!--[if lt IE 7]> <html class="no-js ie6 oldie" lang="en-US"> <![endif]-->
<!--[if IE 7]>    <html class="no-js ie7 oldie" lang="en-US"> <![endif]-->
<!--[if IE 8]>    <html class="no-js ie8 oldie" lang="en-US"> <![endif]-->
<!--[if gt IE 8]><!--> <html class="no-js" lang="en-US"> <!--<![endif]-->
<head>


<title>gateway.prod.nado.xyz | 520: Web server is returning an unknown error</title>
<meta charset="UTF-8" />
<meta http-equiv="Content-Type" content="text/html; charset=UTF-8" />
<meta http-equiv="X-UA-Compatible" content="IE=Edge" />
<meta name="robots" content="noindex, nofollow" />
<meta name="viewport" content="width=device-width,initial-scale=1" />
<link rel="stylesheet" id="cf_styles-css" href="/cdn-cgi/styles/main.css" />


</head>
<body>
<div id="cf-wrapper">
    <div id="cf-error-details" class="p-0">
        <header class="mx-auto pt-10 lg:pt-6 lg:px-8 w-240 lg:w-full mb-8">
            <h1 class="inline-block sm:block sm:mb-2 font-light text-60 lg:text-4xl text-black-dark leading-tight mr-2">
              <span class="inline-block">Web server is returning an unknown error</span>
              <span class="code-label">Error code 520</span>
            </h1>
            <div>
               Visit <a href="https://www.cloudflare.com/5xx-error-landing?utm_source=errorcode_520&utm_campaign=gateway.prod.nado.xyz" target="_blank" rel="noopener noreferrer">cloudflare.com</a> for more information.
            </div>
            <div class="mt-3">2026-01-01 16:26:42 UTC</div>
        </header>
        <div class="my-8 bg-gradient-gray">
            <div class="w-240 lg:w-full mx-auto">
                <div class="clearfix md:px-8">
                  
<div id="cf-browser-status" class=" relative w-1/3 md:w-full py-15 md:p-0 md:py-8 md:text-left md:border-solid md:border-0 md:border-b md:border-gray-400 overflow-hidden float-left md:float-none text-center">
  <div class="relative mb-10 md:m-0">
    
    <span class="cf-icon-browser block md:hidden h-20 bg-center bg-no-repeat"></span>
    <span class="cf-icon-ok w-12 h-12 absolute left-1/2 md:left-auto md:right-0 md:top-0 -ml-6 -bottom-4"></span>
    
  </div>
  <span class="md:block w-full truncate">You</span>
  <h3 class="md:inline-block mt-3 md:mt-0 text-2xl text-gray-600 font-light leading-1.3">
    
    Browser
    
  </h3>
  <span class="leading-1.3 text-2xl text-green-success">Working</span>
</div>

<div id="cf-cloudflare-status" class=" relative w-1/3 md:w-full py-15 md:p-0 md:py-8 md:text-left md:border-solid md:border-0 md:border-b md:border-gray-400 overflow-hidden float-left md:float-none text-center">
  <div class="relative mb-10 md:m-0">
    <a href="https://www.cloudflare.com/5xx-error-landing?utm_source=errorcode_520&utm_campaign=gateway.prod.nado.xyz" target="_blank" rel="noopener noreferrer">
    <span class="cf-icon-cloud block md:hidden h-20 bg-center bg-no-repeat"></span>
    <span class="cf-icon-ok w-12 h-12 absolute left-1/2 md:left-auto md:right-0 md:top-0 -ml-6 -bottom-4"></span>
    </a>
  </div>
  <span class="md:block w-full truncate">Seoul</span>
  <h3 class="md:inline-block mt-3 md:mt-0 text-2xl text-gray-600 font-light leading-1.3">
    <a href="https://www.cloudflare.com/5xx-error-landing?utm_source=errorcode_520&utm_campaign=gateway.prod.nado.xyz" target="_blank" rel="noopener noreferrer">
    Cloudflare
    </a>
  </h3>
  <span class="leading-1.3 text-2xl text-green-success">Working</span>
</div>

<div id="cf-host-status" class="cf-error-source relative w-1/3 md:w-full py-15 md:p-0 md:py-8 md:text-left md:border-solid md:border-0 md:border-b md:border-gray-400 overflow-hidden float-left md:float-none text-center">
  <div class="relative mb-10 md:m-0">
    
    <span class="cf-icon-server block md:hidden h-20 bg-center bg-no-repeat"></span>
    <span class="cf-icon-error w-12 h-12 absolute left-1/2 md:left-auto md:right-0 md:top-0 -ml-6 -bottom-4"></span>
    
  </div>
  <span class="md:block w-full truncate">gateway.prod.nado.xyz</span>
  <h3 class="md:inline-block mt-3 md:mt-0 text-2xl text-gray-600 font-light leading-1.3">
    
    Host
    
  </h3>
  <span class="leading-1.3 text-2xl text-red-error">Error</span>
</div>

                </div>
            </div>
        </div>

        <div class="w-240 lg:w-full mx-auto mb-8 lg:px-8">
            <div class="clearfix">
                <div class="w-1/2 md:w-full float-left pr-6 md:pb-10 md:pr-0 leading-relaxed">
                    <h2 class="text-3xl font-normal leading-1.3 mb-4">What happened?</h2>
                    <p>There is an unknown connection issue between Cloudflare and the origin web server. As a result, the web page can not be displayed.</p>
                </div>
                <div class="w-1/2 md:w-full float-left leading-relaxed">
                    <h2 class="text-3xl font-normal leading-1.3 mb-4">What can I do?</h2>
                          <h3 class="text-15 font-semibold mb-2">If you are a visitor of this website:</h3>
      <p class="mb-6">Please try again in a few minutes.</p>

      <h3 class="text-15 font-semibold mb-2">If you are the owner of this website:</h3>
      <p><span>There is an issue between Cloudflare's cache and your origin web server. Cloudflare monitors for these errors and automatically investigates the cause. To help support the investigation, you can pull the corresponding error log from your web server and submit it our support team.  Please include the Ray ID (which is at the bottom of this error page).</span> <a rel="noopener noreferrer" href="https://developers.cloudflare.com/support/troubleshooting/http-status-codes/cloudflare-5xx-errors/error-520/">Additional troubleshooting resources</a>.</p>
                </div>
            </div>
        </div>

        <div class="cf-error-footer cf-wrapper w-240 lg:w-full py-10 sm:py-4 sm:px-8 mx-auto text-center sm:text-left border-solid border-0 border-t border-gray-300">
  <p class="text-13">
    <span class="cf-footer-item sm:block sm:mb-1">Cloudflare Ray ID: <strong class="font-semibold">9b7361011f78e9f8</strong></span>
    <span class="cf-footer-separator sm:hidden">&bull;</span>
    <span id="cf-footer-item-ip" class="cf-footer-item hidden sm:block sm:mb-1">
      Your IP:
      <button type="button" id="cf-footer-ip-reveal" class="cf-footer-ip-reveal-btn">Click to reveal</button>
      <span class="hidden" id="cf-footer-ip">2401:c080:1c00:255d:5400:4ff:feb2:70e8</span>
      <span class="cf-footer-separator sm:hidden">&bull;</span>
    </span>
    <span class="cf-footer-item sm:block sm:mb-1"><span>Performance &amp; security by</span> <a rel="noopener noreferrer" href="https://www.cloudflare.com/5xx-error-landing?utm_source=errorcode_520&utm_campaign=gateway.prod.nado.xyz" id="brand_link" target="_blank">Cloudflare</a></span>
    
  </p>
  <script>(function(){function d(){var b=a.getElementById("cf-footer-item-ip"),c=a.getElementById("cf-footer-ip-reveal");b&&"classList"in b&&(b.classList.remove("hidden"),c.addEventListener("click",function(){c.classList.add("hidden");a.getElementById("cf-footer-ip").classList.remove("hidden")}))}var a=document;document.addEventListener&&a.addEventListener("DOMContentLoaded",d)})();</script>
</div><!-- /.error-footer -->


    </div>
</div>
</body>
</html>

2026/01/01 04:31:15 PM [ERROR]: [Nado] GetBalance Failed: Unexpected response from server: 520 . Data: <!DOCTYPE html>
<!--[if lt IE 7]> <html class="no-js ie6 oldie" lang="en-US"> <![endif]-->
<!--[if IE 7]>    <html class="no-js ie7 oldie" lang="en-US"> <![endif]-->
<!--[if IE 8]>    <html class="no-js ie8 oldie" lang="en-US"> <![endif]-->
<!--[if gt IE 8]><!--> <html class="no-js" lang="en-US"> <!--<![endif]-->
<head>


<title>gateway.prod.nado.xyz | 520: Web server is returning an unknown error</title>
<meta charset="UTF-8" />
<meta http-equiv="Content-Type" content="text/html; charset=UTF-8" />
<meta http-equiv="X-UA-Compatible" content="IE=Edge" />
<meta name="robots" content="noindex, nofollow" />
<meta name="viewport" content="width=device-width,initial-scale=1" />
<link rel="stylesheet" id="cf_styles-css" href="/cdn-cgi/styles/main.css" />


</head>
<body>
<div id="cf-wrapper">
    <div id="cf-error-details" class="p-0">
        <header class="mx-auto pt-10 lg:pt-6 lg:px-8 w-240 lg:w-full mb-8">
            <h1 class="inline-block sm:block sm:mb-2 font-light text-60 lg:text-4xl text-black-dark leading-tight mr-2">
              <span class="inline-block">Web server is returning an unknown error</span>
              <span class="code-label">Error code 520</span>
            </h1>
            <div>
               Visit <a href="https://www.cloudflare.com/5xx-error-landing?utm_source=errorcode_520&utm_campaign=gateway.prod.nado.xyz" target="_blank" rel="noopener noreferrer">cloudflare.com</a> for more information.
            </div>
            <div class="mt-3">2026-01-01 16:31:15 UTC</div>
        </header>
        <div class="my-8 bg-gradient-gray">
            <div class="w-240 lg:w-full mx-auto">
                <div class="clearfix md:px-8">
                  
<div id="cf-browser-status" class=" relative w-1/3 md:w-full py-15 md:p-0 md:py-8 md:text-left md:border-solid md:border-0 md:border-b md:border-gray-400 overflow-hidden float-left md:float-none text-center">
  <div class="relative mb-10 md:m-0">
    
    <span class="cf-icon-browser block md:hidden h-20 bg-center bg-no-repeat"></span>
    <span class="cf-icon-ok w-12 h-12 absolute left-1/2 md:left-auto md:right-0 md:top-0 -ml-6 -bottom-4"></span>
    
  </div>
  <span class="md:block w-full truncate">You</span>
  <h3 class="md:inline-block mt-3 md:mt-0 text-2xl text-gray-600 font-light leading-1.3">
    
    Browser
    
  </h3>
  <span class="leading-1.3 text-2xl text-green-success">Working</span>
</div>

<div id="cf-cloudflare-status" class=" relative w-1/3 md:w-full py-15 md:p-0 md:py-8 md:text-left md:border-solid md:border-0 md:border-b md:border-gray-400 overflow-hidden float-left md:float-none text-center">
  <div class="relative mb-10 md:m-0">
    <a href="https://www.cloudflare.com/5xx-error-landing?utm_source=errorcode_520&utm_campaign=gateway.prod.nado.xyz" target="_blank" rel="noopener noreferrer">
    <span class="cf-icon-cloud block md:hidden h-20 bg-center bg-no-repeat"></span>
    <span class="cf-icon-ok w-12 h-12 absolute left-1/2 md:left-auto md:right-0 md:top-0 -ml-6 -bottom-4"></span>
    </a>
  </div>
  <span class="md:block w-full truncate">Seoul</span>
  <h3 class="md:inline-block mt-3 md:mt-0 text-2xl text-gray-600 font-light leading-1.3">
    <a href="https://www.cloudflare.com/5xx-error-landing?utm_source=errorcode_520&utm_campaign=gateway.prod.nado.xyz" target="_blank" rel="noopener noreferrer">
    Cloudflare
    </a>
  </h3>
  <span class="leading-1.3 text-2xl text-green-success">Working</span>
</div>

<div id="cf-host-status" class="cf-error-source relative w-1/3 md:w-full py-15 md:p-0 md:py-8 md:text-left md:border-solid md:border-0 md:border-b md:border-gray-400 overflow-hidden float-left md:float-none text-center">
  <div class="relative mb-10 md:m-0">
    
    <span class="cf-icon-server block md:hidden h-20 bg-center bg-no-repeat"></span>
    <span class="cf-icon-error w-12 h-12 absolute left-1/2 md:left-auto md:right-0 md:top-0 -ml-6 -bottom-4"></span>
    
  </div>
  <span class="md:block w-full truncate">gateway.prod.nado.xyz</span>
  <h3 class="md:inline-block mt-3 md:mt-0 text-2xl text-gray-600 font-light leading-1.3">
    
    Host
    
  </h3>
  <span class="leading-1.3 text-2xl text-red-error">Error</span>
</div>

                </div>
            </div>
        </div>

        <div class="w-240 lg:w-full mx-auto mb-8 lg:px-8">
            <div class="clearfix">
                <div class="w-1/2 md:w-full float-left pr-6 md:pb-10 md:pr-0 leading-relaxed">
                    <h2 class="text-3xl font-normal leading-1.3 mb-4">What happened?</h2>
                    <p>There is an unknown connection issue between Cloudflare and the origin web server. As a result, the web page can not be displayed.</p>
                </div>
                <div class="w-1/2 md:w-full float-left leading-relaxed">
                    <h2 class="text-3xl font-normal leading-1.3 mb-4">What can I do?</h2>
                          <h3 class="text-15 font-semibold mb-2">If you are a visitor of this website:</h3>
      <p class="mb-6">Please try again in a few minutes.</p>

      <h3 class="text-15 font-semibold mb-2">If you are the owner of this website:</h3>
      <p><span>There is an issue between Cloudflare's cache and your origin web server. Cloudflare monitors for these errors and automatically investigates the cause. To help support the investigation, you can pull the corresponding error log from your web server and submit it our support team.  Please include the Ray ID (which is at the bottom of this error page).</span> <a rel="noopener noreferrer" href="https://developers.cloudflare.com/support/troubleshooting/http-status-codes/cloudflare-5xx-errors/error-520/">Additional troubleshooting resources</a>.</p>
                </div>
            </div>
        </div>

        <div class="cf-error-footer cf-wrapper w-240 lg:w-full py-10 sm:py-4 sm:px-8 mx-auto text-center sm:text-left border-solid border-0 border-t border-gray-300">
  <p class="text-13">
    <span class="cf-footer-item sm:block sm:mb-1">Cloudflare Ray ID: <strong class="font-semibold">9b73677d1a51bcf1</strong></span>
    <span class="cf-footer-separator sm:hidden">&bull;</span>
    <span id="cf-footer-item-ip" class="cf-footer-item hidden sm:block sm:mb-1">
      Your IP:
      <button type="button" id="cf-footer-ip-reveal" class="cf-footer-ip-reveal-btn">Click to reveal</button>
      <span class="hidden" id="cf-footer-ip">2401:c080:1c00:255d:5400:4ff:feb2:70e8</span>
      <span class="cf-footer-separator sm:hidden">&bull;</span>
    </span>
    <span class="cf-footer-item sm:block sm:mb-1"><span>Performance &amp; security by</span> <a rel="noopener noreferrer" href="https://www.cloudflare.com/5xx-error-landing?utm_source=errorcode_520&utm_campaign=gateway.prod.nado.xyz" id="brand_link" target="_blank">Cloudflare</a></span>
    
  </p>
  <script>(function(){function d(){var b=a.getElementById("cf-footer-item-ip"),c=a.getElementById("cf-footer-ip-reveal");b&&"classList"in b&&(b.classList.remove("hidden"),c.addEventListener("click",function(){c.classList.add("hidden");a.getElementById("cf-footer-ip").classList.remove("hidden")}))}var a=document;document.addEventListener&&a.addEventListener("DOMContentLoaded",d)})();</script>
</div><!-- /.error-footer -->


    </div>
</div>
</body>
</html>

2026/01/01 04:31:15 PM [ERROR]: Unhandled Rejection: Error: Unexpected response from server: 520 . Data: <!DOCTYPE html>
<!--[if lt IE 7]> <html class="no-js ie6 oldie" lang="en-US"> <![endif]-->
<!--[if IE 7]>    <html class="no-js ie7 oldie" lang="en-US"> <![endif]-->
<!--[if IE 8]>    <html class="no-js ie8 oldie" lang="en-US"> <![endif]-->
<!--[if gt IE 8]><!--> <html class="no-js" lang="en-US"> <!--<![endif]-->
<head>


<title>gateway.prod.nado.xyz | 520: Web server is returning an unknown error</title>
<meta charset="UTF-8" />
<meta http-equiv="Content-Type" content="text/html; charset=UTF-8" />
<meta http-equiv="X-UA-Compatible" content="IE=Edge" />
<meta name="robots" content="noindex, nofollow" />
<meta name="viewport" content="width=device-width,initial-scale=1" />
<link rel="stylesheet" id="cf_styles-css" href="/cdn-cgi/styles/main.css" />


</head>
<body>
<div id="cf-wrapper">
    <div id="cf-error-details" class="p-0">
        <header class="mx-auto pt-10 lg:pt-6 lg:px-8 w-240 lg:w-full mb-8">
            <h1 class="inline-block sm:block sm:mb-2 font-light text-60 lg:text-4xl text-black-dark leading-tight mr-2">
              <span class="inline-block">Web server is returning an unknown error</span>
              <span class="code-label">Error code 520</span>
            </h1>
            <div>
               Visit <a href="https://www.cloudflare.com/5xx-error-landing?utm_source=errorcode_520&utm_campaign=gateway.prod.nado.xyz" target="_blank" rel="noopener noreferrer">cloudflare.com</a> for more information.
            </div>
            <div class="mt-3">2026-01-01 16:31:15 UTC</div>
        </header>
        <div class="my-8 bg-gradient-gray">
            <div class="w-240 lg:w-full mx-auto">
                <div class="clearfix md:px-8">
                  
<div id="cf-browser-status" class=" relative w-1/3 md:w-full py-15 md:p-0 md:py-8 md:text-left md:border-solid md:border-0 md:border-b md:border-gray-400 overflow-hidden float-left md:float-none text-center">
  <div class="relative mb-10 md:m-0">
    
    <span class="cf-icon-browser block md:hidden h-20 bg-center bg-no-repeat"></span>
    <span class="cf-icon-ok w-12 h-12 absolute left-1/2 md:left-auto md:right-0 md:top-0 -ml-6 -bottom-4"></span>
    
  </div>
  <span class="md:block w-full truncate">You</span>
  <h3 class="md:inline-block mt-3 md:mt-0 text-2xl text-gray-600 font-light leading-1.3">
    
    Browser
    
  </h3>
  <span class="leading-1.3 text-2xl text-green-success">Working</span>
</div>

<div id="cf-cloudflare-status" class=" relative w-1/3 md:w-full py-15 md:p-0 md:py-8 md:text-left md:border-solid md:border-0 md:border-b md:border-gray-400 overflow-hidden float-left md:float-none text-center">
  <div class="relative mb-10 md:m-0">
    <a href="https://www.cloudflare.com/5xx-error-landing?utm_source=errorcode_520&utm_campaign=gateway.prod.nado.xyz" target="_blank" rel="noopener noreferrer">
    <span class="cf-icon-cloud block md:hidden h-20 bg-center bg-no-repeat"></span>
    <span class="cf-icon-ok w-12 h-12 absolute left-1/2 md:left-auto md:right-0 md:top-0 -ml-6 -bottom-4"></span>
    </a>
  </div>
  <span class="md:block w-full truncate">Seoul</span>
  <h3 class="md:inline-block mt-3 md:mt-0 text-2xl text-gray-600 font-light leading-1.3">
    <a href="https://www.cloudflare.com/5xx-error-landing?utm_source=errorcode_520&utm_campaign=gateway.prod.nado.xyz" target="_blank" rel="noopener noreferrer">
    Cloudflare
    </a>
  </h3>
  <span class="leading-1.3 text-2xl text-green-success">Working</span>
</div>

<div id="cf-host-status" class="cf-error-source relative w-1/3 md:w-full py-15 md:p-0 md:py-8 md:text-left md:border-solid md:border-0 md:border-b md:border-gray-400 overflow-hidden float-left md:float-none text-center">
  <div class="relative mb-10 md:m-0">
    
    <span class="cf-icon-server block md:hidden h-20 bg-center bg-no-repeat"></span>
    <span class="cf-icon-error w-12 h-12 absolute left-1/2 md:left-auto md:right-0 md:top-0 -ml-6 -bottom-4"></span>
    
  </div>
  <span class="md:block w-full truncate">gateway.prod.nado.xyz</span>
  <h3 class="md:inline-block mt-3 md:mt-0 text-2xl text-gray-600 font-light leading-1.3">
    
    Host
    
  </h3>
  <span class="leading-1.3 text-2xl text-red-error">Error</span>
</div>

                </div>
            </div>
        </div>

        <div class="w-240 lg:w-full mx-auto mb-8 lg:px-8">
            <div class="clearfix">
                <div class="w-1/2 md:w-full float-left pr-6 md:pb-10 md:pr-0 leading-relaxed">
                    <h2 class="text-3xl font-normal leading-1.3 mb-4">What happened?</h2>
                    <p>There is an unknown connection issue between Cloudflare and the origin web server. As a result, the web page can not be displayed.</p>
                </div>
                <div class="w-1/2 md:w-full float-left leading-relaxed">
                    <h2 class="text-3xl font-normal leading-1.3 mb-4">What can I do?</h2>
                          <h3 class="text-15 font-semibold mb-2">If you are a visitor of this website:</h3>
      <p class="mb-6">Please try again in a few minutes.</p>

      <h3 class="text-15 font-semibold mb-2">If you are the owner of this website:</h3>
      <p><span>There is an issue between Cloudflare's cache and your origin web server. Cloudflare monitors for these errors and automatically investigates the cause. To help support the investigation, you can pull the corresponding error log from your web server and submit it our support team.  Please include the Ray ID (which is at the bottom of this error page).</span> <a rel="noopener noreferrer" href="https://developers.cloudflare.com/support/troubleshooting/http-status-codes/cloudflare-5xx-errors/error-520/">Additional troubleshooting resources</a>.</p>
                </div>
            </div>
        </div>

        <div class="cf-error-footer cf-wrapper w-240 lg:w-full py-10 sm:py-4 sm:px-8 mx-auto text-center sm:text-left border-solid border-0 border-t border-gray-300">
  <p class="text-13">
    <span class="cf-footer-item sm:block sm:mb-1">Cloudflare Ray ID: <strong class="font-semibold">9b73677d1a51bcf1</strong></span>
    <span class="cf-footer-separator sm:hidden">&bull;</span>
    <span id="cf-footer-item-ip" class="cf-footer-item hidden sm:block sm:mb-1">
      Your IP:
      <button type="button" id="cf-footer-ip-reveal" class="cf-footer-ip-reveal-btn">Click to reveal</button>
      <span class="hidden" id="cf-footer-ip">2401:c080:1c00:255d:5400:4ff:feb2:70e8</span>
      <span class="cf-footer-separator sm:hidden">&bull;</span>
    </span>
    <span class="cf-footer-item sm:block sm:mb-1"><span>Performance &amp; security by</span> <a rel="noopener noreferrer" href="https://www.cloudflare.com/5xx-error-landing?utm_source=errorcode_520&utm_campaign=gateway.prod.nado.xyz" id="brand_link" target="_blank">Cloudflare</a></span>
    
  </p>
  <script>(function(){function d(){var b=a.getElementById("cf-footer-item-ip"),c=a.getElementById("cf-footer-ip-reveal");b&&"classList"in b&&(b.classList.remove("hidden"),c.addEventListener("click",function(){c.classList.add("hidden");a.getElementById("cf-footer-ip").classList.remove("hidden")}))}var a=document;document.addEventListener&&a.addEventListener("DOMContentLoaded",d)})();</script>
</div><!-- /.error-footer -->


    </div>
</div>
</body>
</html>

2026/01/01 04:32:12 PM [ERROR]: [Nado] CancelOrder Failed: Cannot read properties of undefined (reading 'map')
2026/01/01 04:32:17 PM [ERROR]: [Nado] PlaceOrder Failed: Unexpected response from server: 520 . Data: <!DOCTYPE html>
<!--[if lt IE 7]> <html class="no-js ie6 oldie" lang="en-US"> <![endif]-->
<!--[if IE 7]>    <html class="no-js ie7 oldie" lang="en-US"> <![endif]-->
<!--[if IE 8]>    <html class="no-js ie8 oldie" lang="en-US"> <![endif]-->
<!--[if gt IE 8]><!--> <html class="no-js" lang="en-US"> <!--<![endif]-->
<head>


<title>gateway.prod.nado.xyz | 520: Web server is returning an unknown error</title>
<meta charset="UTF-8" />
<meta http-equiv="Content-Type" content="text/html; charset=UTF-8" />
<meta http-equiv="X-UA-Compatible" content="IE=Edge" />
<meta name="robots" content="noindex, nofollow" />
<meta name="viewport" content="width=device-width,initial-scale=1" />
<link rel="stylesheet" id="cf_styles-css" href="/cdn-cgi/styles/main.css" />


</head>
<body>
<div id="cf-wrapper">
    <div id="cf-error-details" class="p-0">
        <header class="mx-auto pt-10 lg:pt-6 lg:px-8 w-240 lg:w-full mb-8">
            <h1 class="inline-block sm:block sm:mb-2 font-light text-60 lg:text-4xl text-black-dark leading-tight mr-2">
              <span class="inline-block">Web server is returning an unknown error</span>
              <span class="code-label">Error code 520</span>
            </h1>
            <div>
               Visit <a href="https://www.cloudflare.com/5xx-error-landing?utm_source=errorcode_520&utm_campaign=gateway.prod.nado.xyz" target="_blank" rel="noopener noreferrer">cloudflare.com</a> for more information.
            </div>
            <div class="mt-3">2026-01-01 16:32:17 UTC</div>
        </header>
        <div class="my-8 bg-gradient-gray">
            <div class="w-240 lg:w-full mx-auto">
                <div class="clearfix md:px-8">
                  
<div id="cf-browser-status" class=" relative w-1/3 md:w-full py-15 md:p-0 md:py-8 md:text-left md:border-solid md:border-0 md:border-b md:border-gray-400 overflow-hidden float-left md:float-none text-center">
  <div class="relative mb-10 md:m-0">
    
    <span class="cf-icon-browser block md:hidden h-20 bg-center bg-no-repeat"></span>
    <span class="cf-icon-ok w-12 h-12 absolute left-1/2 md:left-auto md:right-0 md:top-0 -ml-6 -bottom-4"></span>
    
  </div>
  <span class="md:block w-full truncate">You</span>
  <h3 class="md:inline-block mt-3 md:mt-0 text-2xl text-gray-600 font-light leading-1.3">
    
    Browser
    
  </h3>
  <span class="leading-1.3 text-2xl text-green-success">Working</span>
</div>

<div id="cf-cloudflare-status" class=" relative w-1/3 md:w-full py-15 md:p-0 md:py-8 md:text-left md:border-solid md:border-0 md:border-b md:border-gray-400 overflow-hidden float-left md:float-none text-center">
  <div class="relative mb-10 md:m-0">
    <a href="https://www.cloudflare.com/5xx-error-landing?utm_source=errorcode_520&utm_campaign=gateway.prod.nado.xyz" target="_blank" rel="noopener noreferrer">
    <span class="cf-icon-cloud block md:hidden h-20 bg-center bg-no-repeat"></span>
    <span class="cf-icon-ok w-12 h-12 absolute left-1/2 md:left-auto md:right-0 md:top-0 -ml-6 -bottom-4"></span>
    </a>
  </div>
  <span class="md:block w-full truncate">Seoul</span>
  <h3 class="md:inline-block mt-3 md:mt-0 text-2xl text-gray-600 font-light leading-1.3">
    <a href="https://www.cloudflare.com/5xx-error-landing?utm_source=errorcode_520&utm_campaign=gateway.prod.nado.xyz" target="_blank" rel="noopener noreferrer">
    Cloudflare
    </a>
  </h3>
  <span class="leading-1.3 text-2xl text-green-success">Working</span>
</div>

<div id="cf-host-status" class="cf-error-source relative w-1/3 md:w-full py-15 md:p-0 md:py-8 md:text-left md:border-solid md:border-0 md:border-b md:border-gray-400 overflow-hidden float-left md:float-none text-center">
  <div class="relative mb-10 md:m-0">
    
    <span class="cf-icon-server block md:hidden h-20 bg-center bg-no-repeat"></span>
    <span class="cf-icon-error w-12 h-12 absolute left-1/2 md:left-auto md:right-0 md:top-0 -ml-6 -bottom-4"></span>
    
  </div>
  <span class="md:block w-full truncate">gateway.prod.nado.xyz</span>
  <h3 class="md:inline-block mt-3 md:mt-0 text-2xl text-gray-600 font-light leading-1.3">
    
    Host
    
  </h3>
  <span class="leading-1.3 text-2xl text-red-error">Error</span>
</div>

                </div>
            </div>
        </div>

        <div class="w-240 lg:w-full mx-auto mb-8 lg:px-8">
            <div class="clearfix">
                <div class="w-1/2 md:w-full float-left pr-6 md:pb-10 md:pr-0 leading-relaxed">
                    <h2 class="text-3xl font-normal leading-1.3 mb-4">What happened?</h2>
                    <p>There is an unknown connection issue between Cloudflare and the origin web server. As a result, the web page can not be displayed.</p>
                </div>
                <div class="w-1/2 md:w-full float-left leading-relaxed">
                    <h2 class="text-3xl font-normal leading-1.3 mb-4">What can I do?</h2>
                          <h3 class="text-15 font-semibold mb-2">If you are a visitor of this website:</h3>
      <p class="mb-6">Please try again in a few minutes.</p>

      <h3 class="text-15 font-semibold mb-2">If you are the owner of this website:</h3>
      <p><span>There is an issue between Cloudflare's cache and your origin web server. Cloudflare monitors for these errors and automatically investigates the cause. To help support the investigation, you can pull the corresponding error log from your web server and submit it our support team.  Please include the Ray ID (which is at the bottom of this error page).</span> <a rel="noopener noreferrer" href="https://developers.cloudflare.com/support/troubleshooting/http-status-codes/cloudflare-5xx-errors/error-520/">Additional troubleshooting resources</a>.</p>
                </div>
            </div>
        </div>

        <div class="cf-error-footer cf-wrapper w-240 lg:w-full py-10 sm:py-4 sm:px-8 mx-auto text-center sm:text-left border-solid border-0 border-t border-gray-300">
  <p class="text-13">
    <span class="cf-footer-item sm:block sm:mb-1">Cloudflare Ray ID: <strong class="font-semibold">9b7369503a2a0bbb</strong></span>
    <span class="cf-footer-separator sm:hidden">&bull;</span>
    <span id="cf-footer-item-ip" class="cf-footer-item hidden sm:block sm:mb-1">
      Your IP:
      <button type="button" id="cf-footer-ip-reveal" class="cf-footer-ip-reveal-btn">Click to reveal</button>
      <span class="hidden" id="cf-footer-ip">2401:c080:1c00:255d:5400:4ff:feb2:70e8</span>
      <span class="cf-footer-separator sm:hidden">&bull;</span>
    </span>
    <span class="cf-footer-item sm:block sm:mb-1"><span>Performance &amp; security by</span> <a rel="noopener noreferrer" href="https://www.cloudflare.com/5xx-error-landing?utm_source=errorcode_520&utm_campaign=gateway.prod.nado.xyz" id="brand_link" target="_blank">Cloudflare</a></span>
    
  </p>
  <script>(function(){function d(){var b=a.getElementById("cf-footer-item-ip"),c=a.getElementById("cf-footer-ip-reveal");b&&"classList"in b&&(b.classList.remove("hidden"),c.addEventListener("click",function(){c.classList.add("hidden");a.getElementById("cf-footer-ip").classList.remove("hidden")}))}var a=document;document.addEventListener&&a.addEventListener("DOMContentLoaded",d)})();</script>
</div><!-- /.error-footer -->


    </div>
</div>
</body>
</html>

2026/01/01 04:32:17 PM [ERROR]: [STRAT] PlaceOrder Error for buy_1 (replace): Error: Unexpected response from server: 520 . Data: <!DOCTYPE html>
<!--[if lt IE 7]> <html class="no-js ie6 oldie" lang="en-US"> <![endif]-->
<!--[if IE 7]>    <html class="no-js ie7 oldie" lang="en-US"> <![endif]-->
<!--[if IE 8]>    <html class="no-js ie8 oldie" lang="en-US"> <![endif]-->
<!--[if gt IE 8]><!--> <html class="no-js" lang="en-US"> <!--<![endif]-->
<head>


<title>gateway.prod.nado.xyz | 520: Web server is returning an unknown error</title>
<meta charset="UTF-8" />
<meta http-equiv="Content-Type" content="text/html; charset=UTF-8" />
<meta http-equiv="X-UA-Compatible" content="IE=Edge" />
<meta name="robots" content="noindex, nofollow" />
<meta name="viewport" content="width=device-width,initial-scale=1" />
<link rel="stylesheet" id="cf_styles-css" href="/cdn-cgi/styles/main.css" />


</head>
<body>
<div id="cf-wrapper">
    <div id="cf-error-details" class="p-0">
        <header class="mx-auto pt-10 lg:pt-6 lg:px-8 w-240 lg:w-full mb-8">
            <h1 class="inline-block sm:block sm:mb-2 font-light text-60 lg:text-4xl text-black-dark leading-tight mr-2">
              <span class="inline-block">Web server is returning an unknown error</span>
              <span class="code-label">Error code 520</span>
            </h1>
            <div>
               Visit <a href="https://www.cloudflare.com/5xx-error-landing?utm_source=errorcode_520&utm_campaign=gateway.prod.nado.xyz" target="_blank" rel="noopener noreferrer">cloudflare.com</a> for more information.
            </div>
            <div class="mt-3">2026-01-01 16:32:17 UTC</div>
        </header>
        <div class="my-8 bg-gradient-gray">
            <div class="w-240 lg:w-full mx-auto">
                <div class="clearfix md:px-8">
                  
<div id="cf-browser-status" class=" relative w-1/3 md:w-full py-15 md:p-0 md:py-8 md:text-left md:border-solid md:border-0 md:border-b md:border-gray-400 overflow-hidden float-left md:float-none text-center">
  <div class="relative mb-10 md:m-0">
    
    <span class="cf-icon-browser block md:hidden h-20 bg-center bg-no-repeat"></span>
    <span class="cf-icon-ok w-12 h-12 absolute left-1/2 md:left-auto md:right-0 md:top-0 -ml-6 -bottom-4"></span>
    
  </div>
  <span class="md:block w-full truncate">You</span>
  <h3 class="md:inline-block mt-3 md:mt-0 text-2xl text-gray-600 font-light leading-1.3">
    
    Browser
    
  </h3>
  <span class="leading-1.3 text-2xl text-green-success">Working</span>
</div>

<div id="cf-cloudflare-status" class=" relative w-1/3 md:w-full py-15 md:p-0 md:py-8 md:text-left md:border-solid md:border-0 md:border-b md:border-gray-400 overflow-hidden float-left md:float-none text-center">
  <div class="relative mb-10 md:m-0">
    <a href="https://www.cloudflare.com/5xx-error-landing?utm_source=errorcode_520&utm_campaign=gateway.prod.nado.xyz" target="_blank" rel="noopener noreferrer">
    <span class="cf-icon-cloud block md:hidden h-20 bg-center bg-no-repeat"></span>
    <span class="cf-icon-ok w-12 h-12 absolute left-1/2 md:left-auto md:right-0 md:top-0 -ml-6 -bottom-4"></span>
    </a>
  </div>
  <span class="md:block w-full truncate">Seoul</span>
  <h3 class="md:inline-block mt-3 md:mt-0 text-2xl text-gray-600 font-light leading-1.3">
    <a href="https://www.cloudflare.com/5xx-error-landing?utm_source=errorcode_520&utm_campaign=gateway.prod.nado.xyz" target="_blank" rel="noopener noreferrer">
    Cloudflare
    </a>
  </h3>
  <span class="leading-1.3 text-2xl text-green-success">Working</span>
</div>

<div id="cf-host-status" class="cf-error-source relative w-1/3 md:w-full py-15 md:p-0 md:py-8 md:text-left md:border-solid md:border-0 md:border-b md:border-gray-400 overflow-hidden float-left md:float-none text-center">
  <div class="relative mb-10 md:m-0">
    
    <span class="cf-icon-server block md:hidden h-20 bg-center bg-no-repeat"></span>
    <span class="cf-icon-error w-12 h-12 absolute left-1/2 md:left-auto md:right-0 md:top-0 -ml-6 -bottom-4"></span>
    
  </div>
  <span class="md:block w-full truncate">gateway.prod.nado.xyz</span>
  <h3 class="md:inline-block mt-3 md:mt-0 text-2xl text-gray-600 font-light leading-1.3">
    
    Host
    
  </h3>
  <span class="leading-1.3 text-2xl text-red-error">Error</span>
</div>

                </div>
            </div>
        </div>

        <div class="w-240 lg:w-full mx-auto mb-8 lg:px-8">
            <div class="clearfix">
                <div class="w-1/2 md:w-full float-left pr-6 md:pb-10 md:pr-0 leading-relaxed">
                    <h2 class="text-3xl font-normal leading-1.3 mb-4">What happened?</h2>
                    <p>There is an unknown connection issue between Cloudflare and the origin web server. As a result, the web page can not be displayed.</p>
                </div>
                <div class="w-1/2 md:w-full float-left leading-relaxed">
                    <h2 class="text-3xl font-normal leading-1.3 mb-4">What can I do?</h2>
                          <h3 class="text-15 font-semibold mb-2">If you are a visitor of this website:</h3>
      <p class="mb-6">Please try again in a few minutes.</p>

      <h3 class="text-15 font-semibold mb-2">If you are the owner of this website:</h3>
      <p><span>There is an issue between Cloudflare's cache and your origin web server. Cloudflare monitors for these errors and automatically investigates the cause. To help support the investigation, you can pull the corresponding error log from your web server and submit it our support team.  Please include the Ray ID (which is at the bottom of this error page).</span> <a rel="noopener noreferrer" href="https://developers.cloudflare.com/support/troubleshooting/http-status-codes/cloudflare-5xx-errors/error-520/">Additional troubleshooting resources</a>.</p>
                </div>
            </div>
        </div>

        <div class="cf-error-footer cf-wrapper w-240 lg:w-full py-10 sm:py-4 sm:px-8 mx-auto text-center sm:text-left border-solid border-0 border-t border-gray-300">
  <p class="text-13">
    <span class="cf-footer-item sm:block sm:mb-1">Cloudflare Ray ID: <strong class="font-semibold">9b7369503a2a0bbb</strong></span>
    <span class="cf-footer-separator sm:hidden">&bull;</span>
    <span id="cf-footer-item-ip" class="cf-footer-item hidden sm:block sm:mb-1">
      Your IP:
      <button type="button" id="cf-footer-ip-reveal" class="cf-footer-ip-reveal-btn">Click to reveal</button>
      <span class="hidden" id="cf-footer-ip">2401:c080:1c00:255d:5400:4ff:feb2:70e8</span>
      <span class="cf-footer-separator sm:hidden">&bull;</span>
    </span>
    <span class="cf-footer-item sm:block sm:mb-1"><span>Performance &amp; security by</span> <a rel="noopener noreferrer" href="https://www.cloudflare.com/5xx-error-landing?utm_source=errorcode_520&utm_campaign=gateway.prod.nado.xyz" id="brand_link" target="_blank">Cloudflare</a></span>
    
  </p>
  <script>(function(){function d(){var b=a.getElementById("cf-footer-item-ip"),c=a.getElementById("cf-footer-ip-reveal");b&&"classList"in b&&(b.classList.remove("hidden"),c.addEventListener("click",function(){c.classList.add("hidden");a.getElementById("cf-footer-ip").classList.remove("hidden")}))}var a=document;document.addEventListener&&a.addEventListener("DOMContentLoaded",d)})();</script>
</div><!-- /.error-footer -->


    </div>
</div>
</body>
</html>

2026/01/01 04:32:26 PM [ERROR]: [Nado] CancelOrder Failed: Cannot read properties of undefined (reading 'map')
2026/01/01 05:27:19 PM [ERROR]: [Nado] CancelOrder Failed: Cannot read properties of undefined (reading 'map')
2026/01/01 05:27:19 PM [ERROR]: Failed to cancel zombie sell_1: TypeError: Cannot read properties of undefined (reading 'map')
2026/01/01 05:32:41 PM [ERROR]: [Nado] CancelOrder Failed: Cannot read properties of undefined (reading 'map')
2026/01/01 05:32:41 PM [ERROR]: Failed to cancel zombie sell_0: TypeError: Cannot read properties of undefined (reading 'map')
2026/01/01 05:37:49 PM [ERROR]: [Nado] CancelOrder Failed: Cannot read properties of undefined (reading 'map')
2026/01/01 05:37:49 PM [ERROR]: Failed to cancel zombie sell_2: TypeError: Cannot read properties of undefined (reading 'map')
2026/01/01 05:42:24 PM [ERROR]: [Nado] CancelOrder Failed: Cannot read properties of undefined (reading 'map')
2026/01/01 05:42:24 PM [ERROR]: Failed to cancel zombie sell_1: TypeError: Cannot read properties of undefined (reading 'map')
2026/01/01 05:45:20 PM [ERROR]: [Nado] CancelOrder Failed: Cannot read properties of undefined (reading 'map')
2026/01/01 05:45:20 PM [ERROR]: Failed to cancel zombie sell_3: TypeError: Cannot read properties of undefined (reading 'map')
2026/01/01 05:45:24 PM [ERROR]: [Nado] CancelOrder Failed: Cannot read properties of undefined (reading 'map')
2026/01/01 05:45:24 PM [ERROR]: Failed to cancel zombie sell_4: TypeError: Cannot read properties of undefined (reading 'map')
2026/01/01 05:47:46 PM [ERROR]: [Nado] CancelOrder Failed: Cannot read properties of undefined (reading 'map')
2026/01/01 05:47:46 PM [ERROR]: Failed to cancel zombie sell_0: TypeError: Cannot read properties of undefined (reading 'map')
2026/01/01 05:52:53 PM [ERROR]: [Nado] CancelOrder Failed: Cannot read properties of undefined (reading 'map')
2026/01/01 05:52:53 PM [ERROR]: Failed to cancel zombie sell_2: TypeError: Cannot read properties of undefined (reading 'map')
2026/01/01 05:57:30 PM [ERROR]: [Nado] CancelOrder Failed: Cannot read properties of undefined (reading 'map')
2026/01/01 05:57:30 PM [ERROR]: Failed to cancel zombie sell_1: TypeError: Cannot read properties of undefined (reading 'map')
2026/01/01 06:00:24 PM [ERROR]: [Nado] CancelOrder Failed: Cannot read properties of undefined (reading 'map')
2026/01/01 06:00:24 PM [ERROR]: Failed to cancel zombie sell_3: TypeError: Cannot read properties of undefined (reading 'map')
2026/01/01 06:00:31 PM [ERROR]: [Nado] CancelOrder Failed: Cannot read properties of undefined (reading 'map')
2026/01/01 06:00:31 PM [ERROR]: Failed to cancel zombie sell_4: TypeError: Cannot read properties of undefined (reading 'map')
2026/01/01 06:02:50 PM [ERROR]: [Nado] CancelOrder Failed: Cannot read properties of undefined (reading 'map')
2026/01/01 06:02:50 PM [ERROR]: Failed to cancel zombie sell_0: TypeError: Cannot read properties of undefined (reading 'map')
2026/01/01 06:07:58 PM [ERROR]: [Nado] CancelOrder Failed: Cannot read properties of undefined (reading 'map')
2026/01/01 06:07:58 PM [ERROR]: Failed to cancel zombie sell_2: TypeError: Cannot read properties of undefined (reading 'map')
2026/01/01 06:12:36 PM [ERROR]: [Nado] CancelOrder Failed: Cannot read properties of undefined (reading 'map')
2026/01/01 06:12:36 PM [ERROR]: Failed to cancel zombie sell_1: TypeError: Cannot read properties of undefined (reading 'map')
2026/01/01 06:15:30 PM [ERROR]: [Nado] CancelOrder Failed: Cannot read properties of undefined (reading 'map')
2026/01/01 06:15:30 PM [ERROR]: Failed to cancel zombie sell_3: TypeError: Cannot read properties of undefined (reading 'map')
2026/01/01 06:17:53 PM [ERROR]: [Nado] CancelOrder Failed: Cannot read properties of undefined (reading 'map')
2026/01/01 06:17:53 PM [ERROR]: Failed to cancel zombie sell_0: TypeError: Cannot read properties of undefined (reading 'map')
2026/01/01 06:23:03 PM [ERROR]: [Nado] CancelOrder Failed: Cannot read properties of undefined (reading 'map')
2026/01/01 06:23:03 PM [ERROR]: Failed to cancel zombie sell_2: TypeError: Cannot read properties of undefined (reading 'map')
2026/01/01 06:27:42 PM [ERROR]: [Nado] CancelOrder Failed: Cannot read properties of undefined (reading 'map')
2026/01/01 06:27:42 PM [ERROR]: Failed to cancel zombie sell_1: TypeError: Cannot read properties of undefined (reading 'map')
2026/01/01 06:32:59 PM [ERROR]: [Nado] CancelOrder Failed: Cannot read properties of undefined (reading 'map')
2026/01/01 06:32:59 PM [ERROR]: Failed to cancel zombie sell_0: TypeError: Cannot read properties of undefined (reading 'map')
2026/01/01 06:42:46 PM [ERROR]: [Nado] CancelOrder Failed: Cannot read properties of undefined (reading 'map')
2026/01/01 06:42:46 PM [ERROR]: Failed to cancel zombie sell_1: TypeError: Cannot read properties of undefined (reading 'map')
2026/01/01 06:48:04 PM [ERROR]: [Nado] CancelOrder Failed: Cannot read properties of undefined (reading 'map')
2026/01/01 06:48:04 PM [ERROR]: Failed to cancel zombie sell_0: TypeError: Cannot read properties of undefined (reading 'map')
2026/01/01 06:55:14 PM [ERROR]: [Nado] CancelOrder Failed: Cannot read properties of undefined (reading 'map')
2026/01/01 07:03:08 PM [ERROR]: [Nado] CancelOrder Failed: Cannot read properties of undefined (reading 'map')
2026/01/01 07:03:08 PM [ERROR]: Failed to cancel zombie sell_0: TypeError: Cannot read properties of undefined (reading 'map')
2026/01/01 07:05:07 PM [ERROR]: [Nado] CancelOrder Failed: Cannot read properties of undefined (reading 'map')
2026/01/01 07:05:07 PM [ERROR]: Failed to cancel zombie sell_2: TypeError: Cannot read properties of undefined (reading 'map')
2026/01/01 07:10:16 PM [ERROR]: [Nado] CancelOrder Failed: Cannot read properties of undefined (reading 'map')
2026/01/01 07:10:16 PM [ERROR]: Failed to cancel zombie sell_1: TypeError: Cannot read properties of undefined (reading 'map')
2026/01/01 07:18:12 PM [ERROR]: [Nado] CancelOrder Failed: Cannot read properties of undefined (reading 'map')
2026/01/01 07:18:12 PM [ERROR]: Failed to cancel zombie sell_0: TypeError: Cannot read properties of undefined (reading 'map')
2026/01/01 07:20:12 PM [ERROR]: [Nado] CancelOrder Failed: Cannot read properties of undefined (reading 'map')
2026/01/01 07:20:12 PM [ERROR]: Failed to cancel zombie sell_2: TypeError: Cannot read properties of undefined (reading 'map')
2026/01/01 07:25:22 PM [ERROR]: [Nado] CancelOrder Failed: Cannot read properties of undefined (reading 'map')
2026/01/01 07:25:22 PM [ERROR]: Failed to cancel zombie sell_1: TypeError: Cannot read properties of undefined (reading 'map')
2026/01/01 07:30:11 PM [ERROR]: [Nado] CancelOrder Failed: Cannot read properties of undefined (reading 'map')
2026/01/01 07:33:17 PM [ERROR]: [Nado] CancelOrder Failed: Cannot read properties of undefined (reading 'map')
2026/01/01 07:33:17 PM [ERROR]: Failed to cancel zombie sell_0: TypeError: Cannot read properties of undefined (reading 'map')
2026/01/01 07:40:24 PM [ERROR]: [Nado] CancelOrder Failed: Cannot read properties of undefined (reading 'map')
2026/01/01 07:40:24 PM [ERROR]: Failed to cancel zombie sell_1: TypeError: Cannot read properties of undefined (reading 'map')
2026/01/01 07:41:04 PM [ERROR]: [Nado] CancelOrder Failed: Cannot read properties of undefined (reading 'map')
2026/01/01 07:41:04 PM [ERROR]: Failed to cancel zombie sell_3: TypeError: Cannot read properties of undefined (reading 'map')
2026/01/01 07:45:12 PM [ERROR]: [Nado] CancelOrder Failed: Cannot read properties of undefined (reading 'map')
2026/01/01 07:45:12 PM [ERROR]: Failed to cancel zombie sell_2: TypeError: Cannot read properties of undefined (reading 'map')
2026/01/01 07:48:22 PM [ERROR]: [Nado] CancelOrder Failed: Cannot read properties of undefined (reading 'map')
2026/01/01 07:48:22 PM [ERROR]: Failed to cancel zombie sell_0: TypeError: Cannot read properties of undefined (reading 'map')
2026/01/01 07:55:30 PM [ERROR]: [Nado] CancelOrder Failed: Cannot read properties of undefined (reading 'map')
2026/01/01 07:55:30 PM [ERROR]: Failed to cancel zombie sell_1: TypeError: Cannot read properties of undefined (reading 'map')
2026/01/01 07:56:09 PM [ERROR]: [Nado] CancelOrder Failed: Cannot read properties of undefined (reading 'map')
2026/01/01 07:56:09 PM [ERROR]: Failed to cancel zombie sell_3: TypeError: Cannot read properties of undefined (reading 'map')
2026/01/01 08:00:17 PM [ERROR]: [Nado] CancelOrder Failed: Cannot read properties of undefined (reading 'map')
2026/01/01 08:00:17 PM [ERROR]: Failed to cancel zombie sell_2: TypeError: Cannot read properties of undefined (reading 'map')
2026/01/01 08:00:17 PM [ERROR]: [Nado] CancelOrder Failed: Cannot read properties of undefined (reading 'map')
2026/01/01 08:00:17 PM [ERROR]: Failed to cancel zombie sell_4: TypeError: Cannot read properties of undefined (reading 'map')
2026/01/01 08:03:27 PM [ERROR]: [Nado] CancelOrder Failed: Cannot read properties of undefined (reading 'map')
2026/01/01 08:03:27 PM [ERROR]: Failed to cancel zombie sell_0: TypeError: Cannot read properties of undefined (reading 'map')
2026/01/01 08:10:34 PM [ERROR]: [Nado] CancelOrder Failed: Cannot read properties of undefined (reading 'map')
2026/01/01 08:10:34 PM [ERROR]: Failed to cancel zombie sell_1: TypeError: Cannot read properties of undefined (reading 'map')
2026/01/01 08:11:14 PM [ERROR]: [Nado] CancelOrder Failed: Cannot read properties of undefined (reading 'map')
2026/01/01 08:11:14 PM [ERROR]: Failed to cancel zombie sell_3: TypeError: Cannot read properties of undefined (reading 'map')
2026/01/01 08:15:23 PM [ERROR]: [Nado] CancelOrder Failed: Cannot read properties of undefined (reading 'map')
2026/01/01 08:15:23 PM [ERROR]: Failed to cancel zombie sell_2: TypeError: Cannot read properties of undefined (reading 'map')
2026/01/01 08:15:23 PM [ERROR]: [Nado] CancelOrder Failed: Cannot read properties of undefined (reading 'map')
2026/01/01 08:15:23 PM [ERROR]: Failed to cancel zombie sell_4: TypeError: Cannot read properties of undefined (reading 'map')
2026/01/01 08:18:30 PM [ERROR]: [Nado] CancelOrder Failed: Cannot read properties of undefined (reading 'map')
2026/01/01 08:18:30 PM [ERROR]: Failed to cancel zombie sell_0: TypeError: Cannot read properties of undefined (reading 'map')
2026/01/01 08:25:39 PM [ERROR]: [Nado] CancelOrder Failed: Cannot read properties of undefined (reading 'map')
2026/01/01 08:25:39 PM [ERROR]: Failed to cancel zombie sell_1: TypeError: Cannot read properties of undefined (reading 'map')
2026/01/01 08:26:19 PM [ERROR]: [Nado] CancelOrder Failed: Cannot read properties of undefined (reading 'map')
2026/01/01 08:26:19 PM [ERROR]: Failed to cancel zombie sell_3: TypeError: Cannot read properties of undefined (reading 'map')
2026/01/01 08:30:27 PM [ERROR]: [Nado] CancelOrder Failed: Cannot read properties of undefined (reading 'map')
2026/01/01 08:30:27 PM [ERROR]: Failed to cancel zombie sell_2: TypeError: Cannot read properties of undefined (reading 'map')
2026/01/01 08:30:27 PM [ERROR]: [Nado] CancelOrder Failed: Cannot read properties of undefined (reading 'map')
2026/01/01 08:30:27 PM [ERROR]: Failed to cancel zombie sell_4: TypeError: Cannot read properties of undefined (reading 'map')
2026/01/01 08:33:35 PM [ERROR]: [Nado] CancelOrder Failed: Cannot read properties of undefined (reading 'map')
2026/01/01 08:33:35 PM [ERROR]: Failed to cancel zombie sell_0: TypeError: Cannot read properties of undefined (reading 'map')
2026/01/01 08:40:45 PM [ERROR]: [Nado] CancelOrder Failed: Cannot read properties of undefined (reading 'map')
2026/01/01 08:40:45 PM [ERROR]: Failed to cancel zombie sell_1: TypeError: Cannot read properties of undefined (reading 'map')
2026/01/01 08:41:23 PM [ERROR]: [Nado] CancelOrder Failed: Cannot read properties of undefined (reading 'map')
2026/01/01 08:41:23 PM [ERROR]: Failed to cancel zombie sell_3: TypeError: Cannot read properties of undefined (reading 'map')
2026/01/01 08:45:32 PM [ERROR]: [Nado] CancelOrder Failed: Cannot read properties of undefined (reading 'map')
2026/01/01 08:45:32 PM [ERROR]: Failed to cancel zombie sell_2: TypeError: Cannot read properties of undefined (reading 'map')
2026/01/01 08:45:32 PM [ERROR]: [Nado] CancelOrder Failed: Cannot read properties of undefined (reading 'map')
2026/01/01 08:45:32 PM [ERROR]: Failed to cancel zombie sell_4: TypeError: Cannot read properties of undefined (reading 'map')
2026/01/01 08:48:38 PM [ERROR]: [Nado] CancelOrder Failed: Cannot read properties of undefined (reading 'map')
2026/01/01 08:48:38 PM [ERROR]: Failed to cancel zombie sell_0: TypeError: Cannot read properties of undefined (reading 'map')
2026/01/01 08:55:50 PM [ERROR]: [Nado] CancelOrder Failed: Cannot read properties of undefined (reading 'map')
2026/01/01 08:55:50 PM [ERROR]: Failed to cancel zombie sell_1: TypeError: Cannot read properties of undefined (reading 'map')
2026/01/01 08:56:26 PM [ERROR]: [Nado] CancelOrder Failed: Cannot read properties of undefined (reading 'map')
2026/01/01 08:56:26 PM [ERROR]: Failed to cancel zombie sell_3: TypeError: Cannot read properties of undefined (reading 'map')
2026/01/01 09:00:35 PM [ERROR]: [Nado] CancelOrder Failed: Cannot read properties of undefined (reading 'map')
2026/01/01 09:00:35 PM [ERROR]: Failed to cancel zombie sell_2: TypeError: Cannot read properties of undefined (reading 'map')
2026/01/01 09:00:35 PM [ERROR]: [Nado] CancelOrder Failed: Cannot read properties of undefined (reading 'map')
2026/01/01 09:00:35 PM [ERROR]: Failed to cancel zombie sell_4: TypeError: Cannot read properties of undefined (reading 'map')
2026/01/01 09:03:43 PM [ERROR]: [Nado] CancelOrder Failed: Cannot read properties of undefined (reading 'map')
2026/01/01 09:03:43 PM [ERROR]: Failed to cancel zombie sell_0: TypeError: Cannot read properties of undefined (reading 'map')
2026/01/01 09:10:55 PM [ERROR]: [Nado] CancelOrder Failed: Cannot read properties of undefined (reading 'map')
2026/01/01 09:10:55 PM [ERROR]: Failed to cancel zombie sell_1: TypeError: Cannot read properties of undefined (reading 'map')
2026/01/01 09:11:30 PM [ERROR]: [Nado] CancelOrder Failed: Cannot read properties of undefined (reading 'map')
2026/01/01 09:11:30 PM [ERROR]: Failed to cancel zombie sell_3: TypeError: Cannot read properties of undefined (reading 'map')
2026/01/01 09:15:43 PM [ERROR]: [Nado] CancelOrder Failed: Cannot read properties of undefined (reading 'map')
2026/01/01 09:15:43 PM [ERROR]: Failed to cancel zombie sell_2: TypeError: Cannot read properties of undefined (reading 'map')
2026/01/01 09:15:43 PM [ERROR]: [Nado] CancelOrder Failed: Cannot read properties of undefined (reading 'map')
2026/01/01 09:15:43 PM [ERROR]: Failed to cancel zombie sell_4: TypeError: Cannot read properties of undefined (reading 'map')
2026/01/01 09:18:47 PM [ERROR]: [Nado] CancelOrder Failed: Cannot read properties of undefined (reading 'map')
2026/01/01 09:18:47 PM [ERROR]: Failed to cancel zombie sell_0: TypeError: Cannot read properties of undefined (reading 'map')
2026/01/01 09:26:01 PM [ERROR]: [Nado] CancelOrder Failed: Cannot read properties of undefined (reading 'map')
2026/01/01 09:26:01 PM [ERROR]: Failed to cancel zombie sell_1: TypeError: Cannot read properties of undefined (reading 'map')
2026/01/01 09:26:35 PM [ERROR]: [Nado] CancelOrder Failed: Cannot read properties of undefined (reading 'map')
2026/01/01 09:26:35 PM [ERROR]: Failed to cancel zombie sell_3: TypeError: Cannot read properties of undefined (reading 'map')
2026/01/01 09:30:49 PM [ERROR]: [Nado] CancelOrder Failed: Cannot read properties of undefined (reading 'map')
2026/01/01 09:30:49 PM [ERROR]: Failed to cancel zombie sell_2: TypeError: Cannot read properties of undefined (reading 'map')
2026/01/01 09:30:49 PM [ERROR]: [Nado] CancelOrder Failed: Cannot read properties of undefined (reading 'map')
2026/01/01 09:30:49 PM [ERROR]: Failed to cancel zombie sell_4: TypeError: Cannot read properties of undefined (reading 'map')
2026/01/01 09:33:52 PM [ERROR]: [Nado] CancelOrder Failed: Cannot read properties of undefined (reading 'map')
2026/01/01 09:33:52 PM [ERROR]: Failed to cancel zombie sell_0: TypeError: Cannot read properties of undefined (reading 'map')
2026/01/01 09:41:07 PM [ERROR]: [Nado] CancelOrder Failed: Cannot read properties of undefined (reading 'map')
2026/01/01 09:41:07 PM [ERROR]: Failed to cancel zombie sell_1: TypeError: Cannot read properties of undefined (reading 'map')
2026/01/01 09:41:41 PM [ERROR]: [Nado] CancelOrder Failed: Cannot read properties of undefined (reading 'map')
2026/01/01 09:41:41 PM [ERROR]: Failed to cancel zombie sell_3: TypeError: Cannot read properties of undefined (reading 'map')
2026/01/01 09:45:52 PM [ERROR]: [Nado] CancelOrder Failed: Cannot read properties of undefined (reading 'map')
2026/01/01 09:45:52 PM [ERROR]: Failed to cancel zombie sell_2: TypeError: Cannot read properties of undefined (reading 'map')
2026/01/01 09:45:52 PM [ERROR]: [Nado] CancelOrder Failed: Cannot read properties of undefined (reading 'map')
2026/01/01 09:45:52 PM [ERROR]: Failed to cancel zombie sell_4: TypeError: Cannot read properties of undefined (reading 'map')
2026/01/01 09:49:00 PM [ERROR]: [Nado] CancelOrder Failed: Cannot read properties of undefined (reading 'map')
2026/01/01 09:49:00 PM [ERROR]: Failed to cancel zombie sell_0: TypeError: Cannot read properties of undefined (reading 'map')
2026/01/01 09:56:12 PM [ERROR]: [Nado] CancelOrder Failed: Cannot read properties of undefined (reading 'map')
2026/01/01 09:56:12 PM [ERROR]: Failed to cancel zombie sell_1: TypeError: Cannot read properties of undefined (reading 'map')
2026/01/01 09:56:46 PM [ERROR]: [Nado] CancelOrder Failed: Cannot read properties of undefined (reading 'map')
2026/01/01 09:56:46 PM [ERROR]: Failed to cancel zombie sell_3: TypeError: Cannot read properties of undefined (reading 'map')
2026/01/01 10:00:57 PM [ERROR]: [Nado] CancelOrder Failed: Cannot read properties of undefined (reading 'map')
2026/01/01 10:00:57 PM [ERROR]: Failed to cancel zombie sell_2: TypeError: Cannot read properties of undefined (reading 'map')
2026/01/01 10:00:57 PM [ERROR]: [Nado] CancelOrder Failed: Cannot read properties of undefined (reading 'map')
2026/01/01 10:00:57 PM [ERROR]: Failed to cancel zombie sell_4: TypeError: Cannot read properties of undefined (reading 'map')
2026/01/01 10:04:06 PM [ERROR]: [Nado] CancelOrder Failed: Cannot read properties of undefined (reading 'map')
2026/01/01 10:04:06 PM [ERROR]: Failed to cancel zombie sell_0: TypeError: Cannot read properties of undefined (reading 'map')
2026/01/01 10:11:18 PM [ERROR]: [Nado] CancelOrder Failed: Cannot read properties of undefined (reading 'map')
2026/01/01 10:11:18 PM [ERROR]: Failed to cancel zombie sell_1: TypeError: Cannot read properties of undefined (reading 'map')
2026/01/01 10:11:53 PM [ERROR]: [Nado] CancelOrder Failed: Cannot read properties of undefined (reading 'map')
2026/01/01 10:11:53 PM [ERROR]: Failed to cancel zombie sell_3: TypeError: Cannot read properties of undefined (reading 'map')
2026/01/01 10:16:00 PM [ERROR]: [Nado] CancelOrder Failed: Cannot read properties of undefined (reading 'map')
2026/01/01 10:16:00 PM [ERROR]: Failed to cancel zombie sell_2: TypeError: Cannot read properties of undefined (reading 'map')
2026/01/01 10:16:00 PM [ERROR]: [Nado] CancelOrder Failed: Cannot read properties of undefined (reading 'map')
2026/01/01 10:16:00 PM [ERROR]: Failed to cancel zombie sell_4: TypeError: Cannot read properties of undefined (reading 'map')
2026/01/01 10:19:10 PM [ERROR]: [Nado] CancelOrder Failed: Cannot read properties of undefined (reading 'map')
2026/01/01 10:19:10 PM [ERROR]: Failed to cancel zombie sell_0: TypeError: Cannot read properties of undefined (reading 'map')
2026/01/01 10:26:22 PM [ERROR]: [Nado] CancelOrder Failed: Cannot read properties of undefined (reading 'map')
2026/01/01 10:26:22 PM [ERROR]: Failed to cancel zombie sell_1: TypeError: Cannot read properties of undefined (reading 'map')
2026/01/01 10:26:57 PM [ERROR]: [Nado] CancelOrder Failed: Cannot read properties of undefined (reading 'map')
2026/01/01 10:26:57 PM [ERROR]: Failed to cancel zombie sell_3: TypeError: Cannot read properties of undefined (reading 'map')
2026/01/01 10:31:06 PM [ERROR]: [Nado] CancelOrder Failed: Cannot read properties of undefined (reading 'map')
2026/01/01 10:31:06 PM [ERROR]: Failed to cancel zombie sell_2: TypeError: Cannot read properties of undefined (reading 'map')
2026/01/01 10:31:06 PM [ERROR]: [Nado] CancelOrder Failed: Cannot read properties of undefined (reading 'map')
2026/01/01 10:31:06 PM [ERROR]: Failed to cancel zombie sell_4: TypeError: Cannot read properties of undefined (reading 'map')
2026/01/01 10:34:13 PM [ERROR]: [Nado] CancelOrder Failed: Cannot read properties of undefined (reading 'map')
2026/01/01 10:34:13 PM [ERROR]: Failed to cancel zombie sell_0: TypeError: Cannot read properties of undefined (reading 'map')
2026/01/01 10:41:28 PM [ERROR]: [Nado] CancelOrder Failed: Cannot read properties of undefined (reading 'map')
2026/01/01 10:41:28 PM [ERROR]: Failed to cancel zombie sell_1: TypeError: Cannot read properties of undefined (reading 'map')
2026/01/01 10:42:03 PM [ERROR]: [Nado] CancelOrder Failed: Cannot read properties of undefined (reading 'map')
2026/01/01 10:42:03 PM [ERROR]: Failed to cancel zombie sell_3: TypeError: Cannot read properties of undefined (reading 'map')
2026/01/01 10:46:09 PM [ERROR]: [Nado] CancelOrder Failed: Cannot read properties of undefined (reading 'map')
2026/01/01 10:46:09 PM [ERROR]: Failed to cancel zombie sell_2: TypeError: Cannot read properties of undefined (reading 'map')
2026/01/01 10:46:09 PM [ERROR]: [Nado] CancelOrder Failed: Cannot read properties of undefined (reading 'map')
2026/01/01 10:46:09 PM [ERROR]: Failed to cancel zombie sell_4: TypeError: Cannot read properties of undefined (reading 'map')
2026/01/01 10:49:16 PM [ERROR]: [Nado] CancelOrder Failed: Cannot read properties of undefined (reading 'map')
2026/01/01 10:49:16 PM [ERROR]: Failed to cancel zombie sell_0: TypeError: Cannot read properties of undefined (reading 'map')
2026/01/01 10:56:33 PM [ERROR]: [Nado] CancelOrder Failed: Cannot read properties of undefined (reading 'map')
2026/01/01 10:56:33 PM [ERROR]: Failed to cancel zombie sell_1: TypeError: Cannot read properties of undefined (reading 'map')
2026/01/01 10:57:08 PM [ERROR]: [Nado] CancelOrder Failed: Cannot read properties of undefined (reading 'map')
2026/01/01 10:57:08 PM [ERROR]: Failed to cancel zombie sell_3: TypeError: Cannot read properties of undefined (reading 'map')
2026/01/01 11:01:13 PM [ERROR]: [Nado] CancelOrder Failed: Cannot read properties of undefined (reading 'map')
2026/01/01 11:01:13 PM [ERROR]: Failed to cancel zombie sell_2: TypeError: Cannot read properties of undefined (reading 'map')
2026/01/01 11:01:13 PM [ERROR]: [Nado] CancelOrder Failed: Cannot read properties of undefined (reading 'map')
2026/01/01 11:01:13 PM [ERROR]: Failed to cancel zombie sell_4: TypeError: Cannot read properties of undefined (reading 'map')
2026/01/01 11:04:18 PM [ERROR]: [Nado] CancelOrder Failed: Cannot read properties of undefined (reading 'map')
2026/01/01 11:04:18 PM [ERROR]: Failed to cancel zombie sell_0: TypeError: Cannot read properties of undefined (reading 'map')
2026/01/01 11:11:40 PM [ERROR]: [Nado] CancelOrder Failed: Cannot read properties of undefined (reading 'map')
2026/01/01 11:11:40 PM [ERROR]: Failed to cancel zombie sell_1: TypeError: Cannot read properties of undefined (reading 'map')
2026/01/01 11:12:13 PM [ERROR]: [Nado] CancelOrder Failed: Cannot read properties of undefined (reading 'map')
2026/01/01 11:12:13 PM [ERROR]: Failed to cancel zombie sell_3: TypeError: Cannot read properties of undefined (reading 'map')
2026/01/01 11:16:19 PM [ERROR]: [Nado] CancelOrder Failed: Cannot read properties of undefined (reading 'map')
2026/01/01 11:16:19 PM [ERROR]: Failed to cancel zombie sell_2: TypeError: Cannot read properties of undefined (reading 'map')
2026/01/01 11:16:19 PM [ERROR]: [Nado] CancelOrder Failed: Cannot read properties of undefined (reading 'map')
2026/01/01 11:16:19 PM [ERROR]: Failed to cancel zombie sell_4: TypeError: Cannot read properties of undefined (reading 'map')
2026/01/01 11:19:22 PM [ERROR]: [Nado] CancelOrder Failed: Cannot read properties of undefined (reading 'map')
2026/01/01 11:19:22 PM [ERROR]: Failed to cancel zombie sell_0: TypeError: Cannot read properties of undefined (reading 'map')
2026/01/01 11:26:45 PM [ERROR]: [Nado] CancelOrder Failed: Cannot read properties of undefined (reading 'map')
2026/01/01 11:26:45 PM [ERROR]: Failed to cancel zombie sell_1: TypeError: Cannot read properties of undefined (reading 'map')
2026/01/01 11:27:17 PM [ERROR]: [Nado] CancelOrder Failed: Cannot read properties of undefined (reading 'map')
2026/01/01 11:27:17 PM [ERROR]: Failed to cancel zombie sell_3: TypeError: Cannot read properties of undefined (reading 'map')
2026/01/01 11:31:22 PM [ERROR]: [Nado] CancelOrder Failed: Cannot read properties of undefined (reading 'map')
2026/01/01 11:31:22 PM [ERROR]: Failed to cancel zombie sell_2: TypeError: Cannot read properties of undefined (reading 'map')
2026/01/01 11:31:22 PM [ERROR]: [Nado] CancelOrder Failed: Cannot read properties of undefined (reading 'map')
2026/01/01 11:31:22 PM [ERROR]: Failed to cancel zombie sell_4: TypeError: Cannot read properties of undefined (reading 'map')
2026/01/01 11:34:27 PM [ERROR]: [Nado] CancelOrder Failed: Cannot read properties of undefined (reading 'map')
2026/01/01 11:34:27 PM [ERROR]: Failed to cancel zombie sell_0: TypeError: Cannot read properties of undefined (reading 'map')
2026/01/01 11:41:48 PM [ERROR]: [Nado] CancelOrder Failed: Cannot read properties of undefined (reading 'map')
2026/01/01 11:41:48 PM [ERROR]: Failed to cancel zombie sell_1: TypeError: Cannot read properties of undefined (reading 'map')
2026/01/01 11:42:22 PM [ERROR]: [Nado] CancelOrder Failed: Cannot read properties of undefined (reading 'map')
2026/01/01 11:42:22 PM [ERROR]: Failed to cancel zombie sell_3: TypeError: Cannot read properties of undefined (reading 'map')
2026/01/01 11:46:27 PM [ERROR]: [Nado] CancelOrder Failed: Cannot read properties of undefined (reading 'map')
2026/01/01 11:46:27 PM [ERROR]: Failed to cancel zombie sell_2: TypeError: Cannot read properties of undefined (reading 'map')
2026/01/01 11:46:27 PM [ERROR]: [Nado] CancelOrder Failed: Cannot read properties of undefined (reading 'map')
2026/01/01 11:46:27 PM [ERROR]: Failed to cancel zombie sell_4: TypeError: Cannot read properties of undefined (reading 'map')
2026/01/01 11:49:31 PM [ERROR]: [Nado] CancelOrder Failed: Cannot read properties of undefined (reading 'map')
2026/01/01 11:49:31 PM [ERROR]: Failed to cancel zombie sell_0: TypeError: Cannot read properties of undefined (reading 'map')
2026/01/01 11:56:51 PM [ERROR]: [Nado] CancelOrder Failed: Cannot read properties of undefined (reading 'map')
2026/01/01 11:56:51 PM [ERROR]: Failed to cancel zombie sell_1: TypeError: Cannot read properties of undefined (reading 'map')
2026/01/01 11:57:25 PM [ERROR]: [Nado] CancelOrder Failed: Cannot read properties of undefined (reading 'map')
2026/01/01 11:57:25 PM [ERROR]: Failed to cancel zombie sell_3: TypeError: Cannot read properties of undefined (reading 'map')
2026/01/02 12:01:30 AM [ERROR]: [Nado] CancelOrder Failed: Cannot read properties of undefined (reading 'map')
2026/01/02 12:01:30 AM [ERROR]: Failed to cancel zombie sell_2: TypeError: Cannot read properties of undefined (reading 'map')
2026/01/02 12:01:34 AM [ERROR]: [Nado] CancelOrder Failed: Cannot read properties of undefined (reading 'map')
2026/01/02 12:01:34 AM [ERROR]: Failed to cancel zombie sell_4: TypeError: Cannot read properties of undefined (reading 'map')
2026/01/02 12:04:36 AM [ERROR]: [Nado] CancelOrder Failed: Cannot read properties of undefined (reading 'map')
2026/01/02 12:04:36 AM [ERROR]: Failed to cancel zombie sell_0: TypeError: Cannot read properties of undefined (reading 'map')
2026/01/02 12:11:56 AM [ERROR]: [Nado] CancelOrder Failed: Cannot read properties of undefined (reading 'map')
2026/01/02 12:11:56 AM [ERROR]: Failed to cancel zombie sell_1: TypeError: Cannot read properties of undefined (reading 'map')
2026/01/02 12:12:30 AM [ERROR]: [Nado] CancelOrder Failed: Cannot read properties of undefined (reading 'map')
2026/01/02 12:12:30 AM [ERROR]: Failed to cancel zombie sell_3: TypeError: Cannot read properties of undefined (reading 'map')
2026/01/02 12:16:34 AM [ERROR]: [Nado] CancelOrder Failed: Cannot read properties of undefined (reading 'map')
2026/01/02 12:16:34 AM [ERROR]: Failed to cancel zombie sell_2: TypeError: Cannot read properties of undefined (reading 'map')
2026/01/02 12:16:37 AM [ERROR]: [Nado] CancelOrder Failed: Cannot read properties of undefined (reading 'map')
2026/01/02 12:16:37 AM [ERROR]: Failed to cancel zombie sell_4: TypeError: Cannot read properties of undefined (reading 'map')
2026/01/02 12:19:41 AM [ERROR]: [Nado] CancelOrder Failed: Cannot read properties of undefined (reading 'map')
2026/01/02 12:19:41 AM [ERROR]: Failed to cancel zombie sell_0: TypeError: Cannot read properties of undefined (reading 'map')
2026/01/02 12:20:16 AM [ERROR]: [Nado] CancelOrder Failed: Cannot read properties of undefined (reading 'map')
2026/01/02 12:20:16 AM [ERROR]: [Nado] CancelOrder Failed: Cannot read properties of undefined (reading 'map')
2026/01/02 12:20:16 AM [ERROR]: [Nado] CancelOrder Failed: Cannot read properties of undefined (reading 'map')
2026/01/02 12:27:00 AM [ERROR]: [Nado] CancelOrder Failed: Cannot read properties of undefined (reading 'map')
2026/01/02 12:27:00 AM [ERROR]: Failed to cancel zombie sell_1: TypeError: Cannot read properties of undefined (reading 'map')
2026/01/02 12:34:45 AM [ERROR]: [Nado] CancelOrder Failed: Cannot read properties of undefined (reading 'map')
2026/01/02 12:34:45 AM [ERROR]: Failed to cancel zombie sell_0: TypeError: Cannot read properties of undefined (reading 'map')
2026/01/02 12:35:18 AM [ERROR]: [Nado] CancelOrder Failed: Cannot read properties of undefined (reading 'map')
2026/01/02 12:35:18 AM [ERROR]: Failed to cancel zombie sell_3: TypeError: Cannot read properties of undefined (reading 'map')
2026/01/02 12:35:18 AM [ERROR]: [Nado] CancelOrder Failed: Cannot read properties of undefined (reading 'map')
2026/01/02 12:35:18 AM [ERROR]: Failed to cancel zombie sell_2: TypeError: Cannot read properties of undefined (reading 'map')
2026/01/02 12:35:18 AM [ERROR]: [Nado] CancelOrder Failed: Cannot read properties of undefined (reading 'map')
2026/01/02 12:35:18 AM [ERROR]: Failed to cancel zombie sell_4: TypeError: Cannot read properties of undefined (reading 'map')
2026/01/02 12:35:34 AM [ERROR]: [Nado] CancelOrder Failed: Cannot read properties of undefined (reading 'map')
2026/01/02 12:42:07 AM [ERROR]: [Nado] CancelOrder Failed: Cannot read properties of undefined (reading 'map')
2026/01/02 12:42:07 AM [ERROR]: Failed to cancel zombie sell_1: TypeError: Cannot read properties of undefined (reading 'map')
2026/01/02 12:49:50 AM [ERROR]: [Nado] CancelOrder Failed: Cannot read properties of undefined (reading 'map')
2026/01/02 12:49:50 AM [ERROR]: Failed to cancel zombie sell_0: TypeError: Cannot read properties of undefined (reading 'map')
2026/01/02 12:50:21 AM [ERROR]: [Nado] CancelOrder Failed: Cannot read properties of undefined (reading 'map')
2026/01/02 12:50:21 AM [ERROR]: Failed to cancel zombie sell_2: TypeError: Cannot read properties of undefined (reading 'map')
2026/01/02 12:50:21 AM [ERROR]: [Nado] CancelOrder Failed: Cannot read properties of undefined (reading 'map')
2026/01/02 12:50:21 AM [ERROR]: Failed to cancel zombie sell_3: TypeError: Cannot read properties of undefined (reading 'map')
2026/01/02 12:50:36 AM [ERROR]: [Nado] CancelOrder Failed: Cannot read properties of undefined (reading 'map')
2026/01/02 12:50:36 AM [ERROR]: Failed to cancel zombie sell_4: TypeError: Cannot read properties of undefined (reading 'map')
2026/01/02 12:57:11 AM [ERROR]: [Nado] CancelOrder Failed: Cannot read properties of undefined (reading 'map')
2026/01/02 12:57:11 AM [ERROR]: Failed to cancel zombie sell_1: TypeError: Cannot read properties of undefined (reading 'map')
2026/01/02 01:04:56 AM [ERROR]: [Nado] CancelOrder Failed: Cannot read properties of undefined (reading 'map')
2026/01/02 01:04:56 AM [ERROR]: Failed to cancel zombie sell_0: TypeError: Cannot read properties of undefined (reading 'map')
2026/01/02 01:05:28 AM [ERROR]: [Nado] CancelOrder Failed: Cannot read properties of undefined (reading 'map')
2026/01/02 01:05:28 AM [ERROR]: Failed to cancel zombie sell_2: TypeError: Cannot read properties of undefined (reading 'map')
2026/01/02 01:05:28 AM [ERROR]: [Nado] CancelOrder Failed: Cannot read properties of undefined (reading 'map')
2026/01/02 01:05:28 AM [ERROR]: Failed to cancel zombie sell_3: TypeError: Cannot read properties of undefined (reading 'map')
2026/01/02 01:05:38 AM [ERROR]: [Nado] CancelOrder Failed: Cannot read properties of undefined (reading 'map')
2026/01/02 01:05:38 AM [ERROR]: Failed to cancel zombie sell_4: TypeError: Cannot read properties of undefined (reading 'map')
